{"/Users/randy/hackreactor/FEC/FrontEndCapstone-EcommercePage/client/src/API.js": {"path":"/Users/randy/hackreactor/FEC/FrontEndCapstone-EcommercePage/client/src/API.js","statementMap":{"0":{"start":{"line":3,"column":12},"end":{"line":6,"column":1}}},"fnMap":{},"branchMap":{},"s":{"0":1},"f":{},"b":{},"_coverageSchema":"1a1c01bbd47fc00a2c39e90264f33305004495a9","hash":"12f76c31a93a2821efde09c5e78f534dec20057a"}
,"/Users/randy/hackreactor/FEC/FrontEndCapstone-EcommercePage/client/src/hidden.js": {"path":"/Users/randy/hackreactor/FEC/FrontEndCapstone-EcommercePage/client/src/hidden.js","statementMap":{"0":{"start":{"line":1,"column":17},"end":{"line":1,"column":59}}},"fnMap":{},"branchMap":{},"s":{"0":1},"f":{},"b":{},"_coverageSchema":"1a1c01bbd47fc00a2c39e90264f33305004495a9","hash":"168205a399f0d4049f0b46a4b109e13a8f33ad5c"}
,"/Users/randy/hackreactor/FEC/FrontEndCapstone-EcommercePage/client/src/Main/App.jsx": {"path":"/Users/randy/hackreactor/FEC/FrontEndCapstone-EcommercePage/client/src/Main/App.jsx","statementMap":{"0":{"start":{"line":15,"column":12},"end":{"line":104,"column":1}},"1":{"start":{"line":18,"column":24},"end":{"line":34,"column":3}},"2":{"start":{"line":30,"column":6},"end":{"line":30,"column":83}},"3":{"start":{"line":31,"column":6},"end":{"line":31,"column":46}},"4":{"start":{"line":32,"column":6},"end":{"line":32,"column":47}},"5":{"start":{"line":36,"column":20},"end":{"line":36,"column":41}},"6":{"start":{"line":39,"column":23},"end":{"line":43,"column":3}},"7":{"start":{"line":46,"column":38},"end":{"line":46,"column":60}},"8":{"start":{"line":47,"column":48},"end":{"line":47,"column":80}},"9":{"start":{"line":48,"column":32},"end":{"line":48,"column":46}},"10":{"start":{"line":50,"column":19},"end":{"line":50,"column":21}},"11":{"start":{"line":51,"column":23},"end":{"line":51,"column":25}},"12":{"start":{"line":52,"column":2},"end":{"line":54,"column":3}},"13":{"start":{"line":52,"column":15},"end":{"line":52,"column":16}},"14":{"start":{"line":53,"column":4},"end":{"line":53,"column":43}},"15":{"start":{"line":56,"column":21},"end":{"line":58,"column":3}},"16":{"start":{"line":57,"column":4},"end":{"line":57,"column":26}},"17":{"start":{"line":60,"column":22},"end":{"line":63,"column":3}},"18":{"start":{"line":61,"column":4},"end":{"line":61,"column":75}},"19":{"start":{"line":62,"column":4},"end":{"line":62,"column":66}},"20":{"start":{"line":66,"column":2},"end":{"line":90,"column":23}},"21":{"start":{"line":67,"column":4},"end":{"line":67,"column":52}},"22":{"start":{"line":68,"column":17},"end":{"line":68,"column":19}},"23":{"start":{"line":69,"column":4},"end":{"line":89,"column":37}},"24":{"start":{"line":71,"column":8},"end":{"line":71,"column":66}},"25":{"start":{"line":74,"column":26},"end":{"line":74,"column":167}},"26":{"start":{"line":77,"column":26},"end":{"line":77,"column":168}},"27":{"start":{"line":80,"column":8},"end":{"line":87,"column":41}},"28":{"start":{"line":82,"column":12},"end":{"line":82,"column":47}},"29":{"start":{"line":83,"column":12},"end":{"line":83,"column":47}},"30":{"start":{"line":84,"column":12},"end":{"line":84,"column":33}},"31":{"start":{"line":85,"column":12},"end":{"line":85,"column":59}},"32":{"start":{"line":87,"column":24},"end":{"line":87,"column":40}},"33":{"start":{"line":89,"column":20},"end":{"line":89,"column":36}},"34":{"start":{"line":92,"column":2},"end":{"line":103,"column":3}},"35":{"start":{"line":100,"column":71},"end":{"line":100,"column":88}},"36":{"start":{"line":107,"column":21},"end":{"line":108,"column":1}},"37":{"start":{"line":110,"column":21},"end":{"line":116,"column":1}}},"fnMap":{"0":{"name":"(anonymous_0)","decl":{"start":{"line":15,"column":12},"end":{"line":15,"column":13}},"loc":{"start":{"line":15,"column":18},"end":{"line":104,"column":1}},"line":15},"1":{"name":"(anonymous_1)","decl":{"start":{"line":29,"column":15},"end":{"line":29,"column":16}},"loc":{"start":{"line":29,"column":29},"end":{"line":33,"column":5}},"line":29},"2":{"name":"(anonymous_2)","decl":{"start":{"line":56,"column":21},"end":{"line":56,"column":22}},"loc":{"start":{"line":56,"column":28},"end":{"line":58,"column":3}},"line":56},"3":{"name":"(anonymous_3)","decl":{"start":{"line":60,"column":22},"end":{"line":60,"column":23}},"loc":{"start":{"line":60,"column":28},"end":{"line":63,"column":3}},"line":60},"4":{"name":"(anonymous_4)","decl":{"start":{"line":66,"column":12},"end":{"line":66,"column":13}},"loc":{"start":{"line":66,"column":18},"end":{"line":90,"column":3}},"line":66},"5":{"name":"(anonymous_5)","decl":{"start":{"line":70,"column":12},"end":{"line":70,"column":13}},"loc":{"start":{"line":70,"column":29},"end":{"line":88,"column":7}},"line":70},"6":{"name":"(anonymous_6)","decl":{"start":{"line":81,"column":16},"end":{"line":81,"column":17}},"loc":{"start":{"line":81,"column":33},"end":{"line":86,"column":11}},"line":81},"7":{"name":"(anonymous_7)","decl":{"start":{"line":87,"column":17},"end":{"line":87,"column":18}},"loc":{"start":{"line":87,"column":24},"end":{"line":87,"column":40}},"line":87},"8":{"name":"(anonymous_8)","decl":{"start":{"line":89,"column":13},"end":{"line":89,"column":14}},"loc":{"start":{"line":89,"column":20},"end":{"line":89,"column":36}},"line":89},"9":{"name":"(anonymous_9)","decl":{"start":{"line":100,"column":65},"end":{"line":100,"column":66}},"loc":{"start":{"line":100,"column":71},"end":{"line":100,"column":88}},"line":100}},"branchMap":{"0":{"loc":{"start":{"line":95,"column":7},"end":{"line":95,"column":87}},"type":"cond-expr","locations":[{"start":{"line":95,"column":31},"end":{"line":95,"column":80}},{"start":{"line":95,"column":83},"end":{"line":95,"column":87}}],"line":95},"1":{"loc":{"start":{"line":97,"column":7},"end":{"line":101,"column":21}},"type":"binary-expr","locations":[{"start":{"line":97,"column":7},"end":{"line":97,"column":14}},{"start":{"line":97,"column":18},"end":{"line":101,"column":21}}],"line":97}},"s":{"0":1,"1":0,"2":0,"3":0,"4":0,"5":0,"6":0,"7":0,"8":0,"9":0,"10":0,"11":0,"12":0,"13":0,"14":0,"15":0,"16":0,"17":0,"18":0,"19":0,"20":0,"21":0,"22":0,"23":0,"24":0,"25":0,"26":0,"27":0,"28":0,"29":0,"30":0,"31":0,"32":0,"33":0,"34":0,"35":0,"36":1,"37":1},"f":{"0":0,"1":0,"2":0,"3":0,"4":0,"5":0,"6":0,"7":0,"8":0,"9":0},"b":{"0":[0,0],"1":[0,0]},"_coverageSchema":"1a1c01bbd47fc00a2c39e90264f33305004495a9","hash":"bb9225d99f3c7f4edf50345ff55dc4b58c4bb516"}
,"/Users/randy/hackreactor/FEC/FrontEndCapstone-EcommercePage/client/src/Main/WidgetEric/API.js": {"path":"/Users/randy/hackreactor/FEC/FrontEndCapstone-EcommercePage/client/src/Main/WidgetEric/API.js","statementMap":{"0":{"start":{"line":3,"column":12},"end":{"line":6,"column":1}}},"fnMap":{},"branchMap":{},"s":{"0":1},"f":{},"b":{},"_coverageSchema":"1a1c01bbd47fc00a2c39e90264f33305004495a9","hash":"bd89e61baad69d22bcb21c85db58c30bec92b7e2"}
,"/Users/randy/hackreactor/FEC/FrontEndCapstone-EcommercePage/client/src/Main/WidgetEric/main.jsx": {"path":"/Users/randy/hackreactor/FEC/FrontEndCapstone-EcommercePage/client/src/Main/WidgetEric/main.jsx","statementMap":{"0":{"start":{"line":4,"column":17},"end":{"line":11,"column":1}},"1":{"start":{"line":6,"column":2},"end":{"line":10,"column":3}}},"fnMap":{"0":{"name":"(anonymous_0)","decl":{"start":{"line":4,"column":17},"end":{"line":4,"column":18}},"loc":{"start":{"line":4,"column":23},"end":{"line":11,"column":1}},"line":4}},"branchMap":{},"s":{"0":1,"1":0},"f":{"0":0},"b":{},"_coverageSchema":"1a1c01bbd47fc00a2c39e90264f33305004495a9","hash":"37922559c3324e85768dd5c34edb277fb36dff11"}
,"/Users/randy/hackreactor/FEC/FrontEndCapstone-EcommercePage/client/src/Main/WidgetEric/Components/OutfitCard.jsx": {"path":"/Users/randy/hackreactor/FEC/FrontEndCapstone-EcommercePage/client/src/Main/WidgetEric/Components/OutfitCard.jsx","statementMap":{"0":{"start":{"line":3,"column":19},"end":{"line":10,"column":1}},"1":{"start":{"line":5,"column":2},"end":{"line":9,"column":3}}},"fnMap":{"0":{"name":"(anonymous_0)","decl":{"start":{"line":3,"column":19},"end":{"line":3,"column":20}},"loc":{"start":{"line":3,"column":25},"end":{"line":10,"column":1}},"line":3}},"branchMap":{},"s":{"0":1,"1":0},"f":{"0":0},"b":{},"_coverageSchema":"1a1c01bbd47fc00a2c39e90264f33305004495a9","hash":"9b3bcd7c8897a277fc8e3688f75daf139a78cee5"}
,"/Users/randy/hackreactor/FEC/FrontEndCapstone-EcommercePage/client/src/Main/WidgetEric/Components/OutfitList.jsx": {"path":"/Users/randy/hackreactor/FEC/FrontEndCapstone-EcommercePage/client/src/Main/WidgetEric/Components/OutfitList.jsx","statementMap":{"0":{"start":{"line":4,"column":19},"end":{"line":11,"column":1}},"1":{"start":{"line":6,"column":2},"end":{"line":10,"column":3}}},"fnMap":{"0":{"name":"(anonymous_0)","decl":{"start":{"line":4,"column":19},"end":{"line":4,"column":20}},"loc":{"start":{"line":4,"column":25},"end":{"line":11,"column":1}},"line":4}},"branchMap":{},"s":{"0":1,"1":0},"f":{"0":0},"b":{},"_coverageSchema":"1a1c01bbd47fc00a2c39e90264f33305004495a9","hash":"e13a13986ee169f1ab257fc6778d57808f0ca085"}
,"/Users/randy/hackreactor/FEC/FrontEndCapstone-EcommercePage/client/src/Main/WidgetEric/Components/RelatedCard.jsx": {"path":"/Users/randy/hackreactor/FEC/FrontEndCapstone-EcommercePage/client/src/Main/WidgetEric/Components/RelatedCard.jsx","statementMap":{"0":{"start":{"line":5,"column":20},"end":{"line":50,"column":1}},"1":{"start":{"line":7,"column":46},"end":{"line":7,"column":56}},"2":{"start":{"line":9,"column":2},"end":{"line":22,"column":8}},"3":{"start":{"line":10,"column":31},"end":{"line":10,"column":133}},"4":{"start":{"line":11,"column":29},"end":{"line":11,"column":138}},"5":{"start":{"line":12,"column":29},"end":{"line":12,"column":142}},"6":{"start":{"line":14,"column":4},"end":{"line":21,"column":8}},"7":{"start":{"line":16,"column":24},"end":{"line":16,"column":26}},"8":{"start":{"line":17,"column":8},"end":{"line":17,"column":49}},"9":{"start":{"line":18,"column":8},"end":{"line":18,"column":47}},"10":{"start":{"line":19,"column":8},"end":{"line":19,"column":48}},"11":{"start":{"line":20,"column":8},"end":{"line":20,"column":36}},"12":{"start":{"line":24,"column":20},"end":{"line":31,"column":3}},"13":{"start":{"line":25,"column":14},"end":{"line":25,"column":15}},"14":{"start":{"line":26,"column":18},"end":{"line":26,"column":53}},"15":{"start":{"line":27,"column":4},"end":{"line":29,"column":5}},"16":{"start":{"line":27,"column":17},"end":{"line":27,"column":18}},"17":{"start":{"line":28,"column":6},"end":{"line":28,"column":30}},"18":{"start":{"line":30,"column":4},"end":{"line":30,"column":31}},"19":{"start":{"line":36,"column":2},"end":{"line":48,"column":3}},"20":{"start":{"line":37,"column":4},"end":{"line":47,"column":5}},"21":{"start":{"line":40,"column":31},"end":{"line":40,"column":55}}},"fnMap":{"0":{"name":"(anonymous_0)","decl":{"start":{"line":5,"column":20},"end":{"line":5,"column":21}},"loc":{"start":{"line":5,"column":46},"end":{"line":50,"column":1}},"line":5},"1":{"name":"(anonymous_1)","decl":{"start":{"line":9,"column":12},"end":{"line":9,"column":13}},"loc":{"start":{"line":9,"column":18},"end":{"line":22,"column":3}},"line":9},"2":{"name":"(anonymous_2)","decl":{"start":{"line":15,"column":12},"end":{"line":15,"column":13}},"loc":{"start":{"line":15,"column":25},"end":{"line":21,"column":7}},"line":15},"3":{"name":"(anonymous_3)","decl":{"start":{"line":24,"column":20},"end":{"line":24,"column":21}},"loc":{"start":{"line":24,"column":40},"end":{"line":31,"column":3}},"line":24},"4":{"name":"(anonymous_4)","decl":{"start":{"line":40,"column":25},"end":{"line":40,"column":26}},"loc":{"start":{"line":40,"column":31},"end":{"line":40,"column":55}},"line":40}},"branchMap":{"0":{"loc":{"start":{"line":36,"column":2},"end":{"line":48,"column":3}},"type":"if","locations":[{"start":{"line":36,"column":2},"end":{"line":48,"column":3}},{"start":{},"end":{}}],"line":36},"1":{"loc":{"start":{"line":43,"column":14},"end":{"line":43,"column":110}},"type":"cond-expr","locations":[{"start":{"line":43,"column":65},"end":{"line":43,"column":90}},{"start":{"line":43,"column":93},"end":{"line":43,"column":110}}],"line":43},"2":{"loc":{"start":{"line":44,"column":14},"end":{"line":44,"column":226}},"type":"cond-expr","locations":[{"start":{"line":44,"column":68},"end":{"line":44,"column":170}},{"start":{"line":44,"column":174},"end":{"line":44,"column":226}}],"line":44}},"s":{"0":1,"1":0,"2":0,"3":0,"4":0,"5":0,"6":0,"7":0,"8":0,"9":0,"10":0,"11":0,"12":0,"13":0,"14":0,"15":0,"16":0,"17":0,"18":0,"19":0,"20":0,"21":0},"f":{"0":0,"1":0,"2":0,"3":0,"4":0},"b":{"0":[0,0],"1":[0,0],"2":[0,0]},"_coverageSchema":"1a1c01bbd47fc00a2c39e90264f33305004495a9","hash":"13bc7e520fcb07a3c905d8e1c5e46d788b71877f"}
,"/Users/randy/hackreactor/FEC/FrontEndCapstone-EcommercePage/client/src/Main/WidgetEric/Components/RelatedItemsAndOutfit.jsx": {"path":"/Users/randy/hackreactor/FEC/FrontEndCapstone-EcommercePage/client/src/Main/WidgetEric/Components/RelatedItemsAndOutfit.jsx","statementMap":{"0":{"start":{"line":8,"column":30},"end":{"line":27,"column":1}},"1":{"start":{"line":10,"column":28},"end":{"line":10,"column":33}},"2":{"start":{"line":12,"column":55},"end":{"line":12,"column":65}},"3":{"start":{"line":14,"column":2},"end":{"line":19,"column":8}},"4":{"start":{"line":15,"column":5},"end":{"line":18,"column":10}},"5":{"start":{"line":17,"column":8},"end":{"line":17,"column":51}},"6":{"start":{"line":21,"column":2},"end":{"line":26,"column":3}}},"fnMap":{"0":{"name":"(anonymous_0)","decl":{"start":{"line":8,"column":30},"end":{"line":8,"column":31}},"loc":{"start":{"line":8,"column":36},"end":{"line":27,"column":1}},"line":8},"1":{"name":"(anonymous_1)","decl":{"start":{"line":14,"column":12},"end":{"line":14,"column":13}},"loc":{"start":{"line":14,"column":18},"end":{"line":19,"column":3}},"line":14},"2":{"name":"(anonymous_2)","decl":{"start":{"line":16,"column":12},"end":{"line":16,"column":13}},"loc":{"start":{"line":16,"column":31},"end":{"line":18,"column":9}},"line":16}},"branchMap":{},"s":{"0":1,"1":0,"2":0,"3":0,"4":0,"5":0,"6":0},"f":{"0":0,"1":0,"2":0},"b":{},"_coverageSchema":"1a1c01bbd47fc00a2c39e90264f33305004495a9","hash":"97ef366d35b7ab38aa4ec52a670fee63e04c5fe5"}
,"/Users/randy/hackreactor/FEC/FrontEndCapstone-EcommercePage/client/src/Main/WidgetEric/Components/RelatedList.jsx": {"path":"/Users/randy/hackreactor/FEC/FrontEndCapstone-EcommercePage/client/src/Main/WidgetEric/Components/RelatedList.jsx","statementMap":{"0":{"start":{"line":4,"column":20},"end":{"line":15,"column":1}},"1":{"start":{"line":6,"column":2},"end":{"line":14,"column":3}},"2":{"start":{"line":10,"column":76},"end":{"line":10,"column":126}}},"fnMap":{"0":{"name":"(anonymous_0)","decl":{"start":{"line":4,"column":20},"end":{"line":4,"column":21}},"loc":{"start":{"line":4,"column":48},"end":{"line":15,"column":1}},"line":4},"1":{"name":"(anonymous_1)","decl":{"start":{"line":10,"column":55},"end":{"line":10,"column":56}},"loc":{"start":{"line":10,"column":76},"end":{"line":10,"column":126}},"line":10}},"branchMap":{"0":{"loc":{"start":{"line":10,"column":9},"end":{"line":10,"column":145}},"type":"cond-expr","locations":[{"start":{"line":10,"column":32},"end":{"line":10,"column":127}},{"start":{"line":10,"column":131},"end":{"line":10,"column":145}}],"line":10}},"s":{"0":1,"1":0,"2":0},"f":{"0":0,"1":0},"b":{"0":[0,0]},"_coverageSchema":"1a1c01bbd47fc00a2c39e90264f33305004495a9","hash":"abf44ce9e91c3c5c0d0adaecb561c8ffad01a192"}
,"/Users/randy/hackreactor/FEC/FrontEndCapstone-EcommercePage/client/src/Main/WidgetMonica/main.jsx": {"path":"/Users/randy/hackreactor/FEC/FrontEndCapstone-EcommercePage/client/src/Main/WidgetMonica/main.jsx","statementMap":{"0":{"start":{"line":13,"column":19},"end":{"line":55,"column":1}},"1":{"start":{"line":15,"column":36},"end":{"line":15,"column":48}},"2":{"start":{"line":16,"column":46},"end":{"line":16,"column":57}},"3":{"start":{"line":19,"column":2},"end":{"line":29,"column":18}},"4":{"start":{"line":20,"column":4},"end":{"line":28,"column":6}},"5":{"start":{"line":23,"column":6},"end":{"line":23,"column":70}},"6":{"start":{"line":24,"column":6},"end":{"line":24,"column":42}},"7":{"start":{"line":27,"column":6},"end":{"line":27,"column":23}},"8":{"start":{"line":31,"column":15},"end":{"line":37,"column":3}},"9":{"start":{"line":32,"column":14},"end":{"line":32,"column":16}},"10":{"start":{"line":33,"column":4},"end":{"line":35,"column":5}},"11":{"start":{"line":33,"column":17},"end":{"line":33,"column":18}},"12":{"start":{"line":34,"column":6},"end":{"line":34,"column":23}},"13":{"start":{"line":36,"column":4},"end":{"line":36,"column":15}},"14":{"start":{"line":39,"column":2},"end":{"line":54,"column":9}}},"fnMap":{"0":{"name":"(anonymous_0)","decl":{"start":{"line":13,"column":19},"end":{"line":13,"column":20}},"loc":{"start":{"line":13,"column":39},"end":{"line":55,"column":1}},"line":13},"1":{"name":"(anonymous_1)","decl":{"start":{"line":19,"column":12},"end":{"line":19,"column":13}},"loc":{"start":{"line":19,"column":18},"end":{"line":29,"column":3}},"line":19},"2":{"name":"(anonymous_2)","decl":{"start":{"line":22,"column":10},"end":{"line":22,"column":11}},"loc":{"start":{"line":22,"column":24},"end":{"line":25,"column":5}},"line":22},"3":{"name":"(anonymous_3)","decl":{"start":{"line":26,"column":11},"end":{"line":26,"column":12}},"loc":{"start":{"line":26,"column":20},"end":{"line":28,"column":5}},"line":26},"4":{"name":"(anonymous_4)","decl":{"start":{"line":31,"column":15},"end":{"line":31,"column":16}},"loc":{"start":{"line":31,"column":38},"end":{"line":37,"column":3}},"line":31}},"branchMap":{},"s":{"0":1,"1":1,"2":1,"3":1,"4":1,"5":0,"6":0,"7":1,"8":1,"9":1,"10":1,"11":1,"12":0,"13":1,"14":1},"f":{"0":1,"1":1,"2":0,"3":1,"4":1},"b":{},"_coverageSchema":"1a1c01bbd47fc00a2c39e90264f33305004495a9","hash":"248069d5c2fdb68f1f95139089119960b6e40c2d"}
,"/Users/randy/hackreactor/FEC/FrontEndCapstone-EcommercePage/client/src/Main/WidgetMonica/components/BottomSide/AddQuestion.jsx": {"path":"/Users/randy/hackreactor/FEC/FrontEndCapstone-EcommercePage/client/src/Main/WidgetMonica/components/BottomSide/AddQuestion.jsx","statementMap":{"0":{"start":{"line":6,"column":20},"end":{"line":34,"column":1}},"1":{"start":{"line":7,"column":29},"end":{"line":7,"column":44}},"2":{"start":{"line":8,"column":40},"end":{"line":8,"column":52}},"3":{"start":{"line":10,"column":2},"end":{"line":19,"column":7}},"4":{"start":{"line":11,"column":4},"end":{"line":18,"column":6}},"5":{"start":{"line":14,"column":6},"end":{"line":14,"column":40}},"6":{"start":{"line":17,"column":6},"end":{"line":17,"column":23}},"7":{"start":{"line":21,"column":2},"end":{"line":33,"column":3}},"8":{"start":{"line":23,"column":33},"end":{"line":23,"column":52}},"9":{"start":{"line":23,"column":52},"end":{"line":23,"column":67}},"10":{"start":{"line":28,"column":23},"end":{"line":28,"column":39}}},"fnMap":{"0":{"name":"(anonymous_0)","decl":{"start":{"line":6,"column":20},"end":{"line":6,"column":21}},"loc":{"start":{"line":6,"column":31},"end":{"line":34,"column":1}},"line":6},"1":{"name":"(anonymous_1)","decl":{"start":{"line":10,"column":12},"end":{"line":10,"column":13}},"loc":{"start":{"line":10,"column":18},"end":{"line":19,"column":3}},"line":10},"2":{"name":"(anonymous_2)","decl":{"start":{"line":13,"column":10},"end":{"line":13,"column":11}},"loc":{"start":{"line":13,"column":24},"end":{"line":15,"column":5}},"line":13},"3":{"name":"(anonymous_3)","decl":{"start":{"line":16,"column":11},"end":{"line":16,"column":12}},"loc":{"start":{"line":16,"column":20},"end":{"line":18,"column":5}},"line":16},"4":{"name":"(anonymous_4)","decl":{"start":{"line":23,"column":25},"end":{"line":23,"column":26}},"loc":{"start":{"line":23,"column":32},"end":{"line":23,"column":68}},"line":23},"5":{"name":"(anonymous_5)","decl":{"start":{"line":28,"column":17},"end":{"line":28,"column":18}},"loc":{"start":{"line":28,"column":23},"end":{"line":28,"column":39}},"line":28}},"branchMap":{},"s":{"0":1,"1":1,"2":1,"3":1,"4":1,"5":0,"6":1,"7":1,"8":0,"9":0,"10":0},"f":{"0":1,"1":1,"2":0,"3":1,"4":0,"5":0},"b":{},"_coverageSchema":"1a1c01bbd47fc00a2c39e90264f33305004495a9","hash":"8eacee5091371b24e53ec6676dc32ed93350e877"}
,"/Users/randy/hackreactor/FEC/FrontEndCapstone-EcommercePage/client/src/Main/WidgetMonica/components/BottomSide/ModalQuestion.jsx": {"path":"/Users/randy/hackreactor/FEC/FrontEndCapstone-EcommercePage/client/src/Main/WidgetMonica/components/BottomSide/ModalQuestion.jsx","statementMap":{"0":{"start":{"line":6,"column":20},"end":{"line":14,"column":1}},"1":{"start":{"line":16,"column":23},"end":{"line":24,"column":1}},"2":{"start":{"line":27,"column":2},"end":{"line":29,"column":3}},"3":{"start":{"line":28,"column":4},"end":{"line":28,"column":16}},"4":{"start":{"line":30,"column":26},"end":{"line":30,"column":38}},"5":{"start":{"line":31,"column":26},"end":{"line":31,"column":38}},"6":{"start":{"line":32,"column":28},"end":{"line":32,"column":40}},"7":{"start":{"line":34,"column":21},"end":{"line":55,"column":3}},"8":{"start":{"line":36,"column":4},"end":{"line":36,"column":26}},"9":{"start":{"line":37,"column":15},"end":{"line":42,"column":5}},"10":{"start":{"line":44,"column":4},"end":{"line":54,"column":7}},"11":{"start":{"line":46,"column":6},"end":{"line":46,"column":64}},"12":{"start":{"line":47,"column":6},"end":{"line":47,"column":18}},"13":{"start":{"line":48,"column":6},"end":{"line":48,"column":18}},"14":{"start":{"line":49,"column":6},"end":{"line":49,"column":19}},"15":{"start":{"line":50,"column":6},"end":{"line":50,"column":22}},"16":{"start":{"line":53,"column":6},"end":{"line":53,"column":25}},"17":{"start":{"line":56,"column":2},"end":{"line":86,"column":3}},"18":{"start":{"line":67,"column":91},"end":{"line":67,"column":114}},"19":{"start":{"line":71,"column":113},"end":{"line":71,"column":136}},"20":{"start":{"line":76,"column":131},"end":{"line":76,"column":155}}},"fnMap":{"0":{"name":"Modal","decl":{"start":{"line":26,"column":9},"end":{"line":26,"column":14}},"loc":{"start":{"line":26,"column":22},"end":{"line":87,"column":1}},"line":26},"1":{"name":"(anonymous_1)","decl":{"start":{"line":34,"column":21},"end":{"line":34,"column":22}},"loc":{"start":{"line":34,"column":32},"end":{"line":55,"column":3}},"line":34},"2":{"name":"(anonymous_2)","decl":{"start":{"line":45,"column":10},"end":{"line":45,"column":11}},"loc":{"start":{"line":45,"column":30},"end":{"line":51,"column":5}},"line":45},"3":{"name":"(anonymous_3)","decl":{"start":{"line":52,"column":11},"end":{"line":52,"column":12}},"loc":{"start":{"line":52,"column":28},"end":{"line":54,"column":5}},"line":52},"4":{"name":"(anonymous_4)","decl":{"start":{"line":67,"column":83},"end":{"line":67,"column":84}},"loc":{"start":{"line":67,"column":90},"end":{"line":67,"column":115}},"line":67},"5":{"name":"(anonymous_5)","decl":{"start":{"line":71,"column":105},"end":{"line":71,"column":106}},"loc":{"start":{"line":71,"column":112},"end":{"line":71,"column":137}},"line":71},"6":{"name":"(anonymous_6)","decl":{"start":{"line":76,"column":123},"end":{"line":76,"column":124}},"loc":{"start":{"line":76,"column":130},"end":{"line":76,"column":156}},"line":76}},"branchMap":{"0":{"loc":{"start":{"line":27,"column":2},"end":{"line":29,"column":3}},"type":"if","locations":[{"start":{"line":27,"column":2},"end":{"line":29,"column":3}},{"start":{},"end":{}}],"line":27}},"s":{"0":1,"1":1,"2":1,"3":1,"4":0,"5":0,"6":0,"7":0,"8":0,"9":0,"10":0,"11":0,"12":0,"13":0,"14":0,"15":0,"16":0,"17":0,"18":0,"19":0,"20":0},"f":{"0":1,"1":0,"2":0,"3":0,"4":0,"5":0,"6":0},"b":{"0":[1,0]},"_coverageSchema":"1a1c01bbd47fc00a2c39e90264f33305004495a9","hash":"0ec484240ef25196436c92947e2f5198fb33e29b"}
,"/Users/randy/hackreactor/FEC/FrontEndCapstone-EcommercePage/client/src/Main/WidgetMonica/components/BottomSide/MoreAnsweredQuestions.jsx": {"path":"/Users/randy/hackreactor/FEC/FrontEndCapstone-EcommercePage/client/src/Main/WidgetMonica/components/BottomSide/MoreAnsweredQuestions.jsx","statementMap":{"0":{"start":{"line":4,"column":30},"end":{"line":19,"column":1}},"1":{"start":{"line":5,"column":2},"end":{"line":5,"column":58}},"2":{"start":{"line":6,"column":2},"end":{"line":8,"column":3}},"3":{"start":{"line":7,"column":4},"end":{"line":7,"column":16}},"4":{"start":{"line":10,"column":23},"end":{"line":13,"column":3}},"5":{"start":{"line":11,"column":18},"end":{"line":11,"column":38}},"6":{"start":{"line":12,"column":4},"end":{"line":12,"column":38}},"7":{"start":{"line":16,"column":2},"end":{"line":18,"column":3}}},"fnMap":{"0":{"name":"(anonymous_0)","decl":{"start":{"line":4,"column":30},"end":{"line":4,"column":31}},"loc":{"start":{"line":4,"column":41},"end":{"line":19,"column":1}},"line":4},"1":{"name":"(anonymous_1)","decl":{"start":{"line":10,"column":23},"end":{"line":10,"column":24}},"loc":{"start":{"line":10,"column":35},"end":{"line":13,"column":3}},"line":10}},"branchMap":{"0":{"loc":{"start":{"line":6,"column":2},"end":{"line":8,"column":3}},"type":"if","locations":[{"start":{"line":6,"column":2},"end":{"line":8,"column":3}},{"start":{},"end":{}}],"line":6},"1":{"loc":{"start":{"line":6,"column":5},"end":{"line":6,"column":95}},"type":"binary-expr","locations":[{"start":{"line":6,"column":5},"end":{"line":6,"column":32}},{"start":{"line":6,"column":36},"end":{"line":6,"column":95}}],"line":6}},"s":{"0":1,"1":1,"2":1,"3":1,"4":0,"5":0,"6":0,"7":0},"f":{"0":1,"1":0},"b":{"0":[1,0],"1":[1,0]},"_coverageSchema":"1a1c01bbd47fc00a2c39e90264f33305004495a9","hash":"2741ce9f0ead7ca652122b49ff7f81db6596cc27"}
,"/Users/randy/hackreactor/FEC/FrontEndCapstone-EcommercePage/client/src/Main/WidgetMonica/components/FrontSide/SearchBar.jsx": {"path":"/Users/randy/hackreactor/FEC/FrontEndCapstone-EcommercePage/client/src/Main/WidgetMonica/components/FrontSide/SearchBar.jsx","statementMap":{"0":{"start":{"line":4,"column":18},"end":{"line":17,"column":1}},"1":{"start":{"line":6,"column":26},"end":{"line":6,"column":39}},"2":{"start":{"line":8,"column":18},"end":{"line":10,"column":1}},"3":{"start":{"line":9,"column":2},"end":{"line":9,"column":27}},"4":{"start":{"line":11,"column":2},"end":{"line":15,"column":3}}},"fnMap":{"0":{"name":"(anonymous_0)","decl":{"start":{"line":4,"column":18},"end":{"line":4,"column":19}},"loc":{"start":{"line":4,"column":29},"end":{"line":17,"column":1}},"line":4},"1":{"name":"(anonymous_1)","decl":{"start":{"line":8,"column":18},"end":{"line":8,"column":19}},"loc":{"start":{"line":8,"column":31},"end":{"line":10,"column":1}},"line":8}},"branchMap":{},"s":{"0":1,"1":1,"2":1,"3":0,"4":1},"f":{"0":1,"1":0},"b":{},"_coverageSchema":"1a1c01bbd47fc00a2c39e90264f33305004495a9","hash":"e401b23852cd3d8dbfe7c6656e842996c692c1a8"}
,"/Users/randy/hackreactor/FEC/FrontEndCapstone-EcommercePage/client/src/Main/WidgetMonica/components/MiddleSide/AddAnswer.jsx": {"path":"/Users/randy/hackreactor/FEC/FrontEndCapstone-EcommercePage/client/src/Main/WidgetMonica/components/MiddleSide/AddAnswer.jsx","statementMap":{"0":{"start":{"line":6,"column":18},"end":{"line":39,"column":1}},"1":{"start":{"line":7,"column":29},"end":{"line":7,"column":44}},"2":{"start":{"line":8,"column":40},"end":{"line":8,"column":52}},"3":{"start":{"line":9,"column":2},"end":{"line":19,"column":7}},"4":{"start":{"line":10,"column":4},"end":{"line":18,"column":6}},"5":{"start":{"line":13,"column":6},"end":{"line":13,"column":55}},"6":{"start":{"line":14,"column":6},"end":{"line":14,"column":40}},"7":{"start":{"line":17,"column":6},"end":{"line":17,"column":23}},"8":{"start":{"line":21,"column":2},"end":{"line":37,"column":3}},"9":{"start":{"line":23,"column":34},"end":{"line":23,"column":53}},"10":{"start":{"line":23,"column":53},"end":{"line":23,"column":68}},"11":{"start":{"line":33,"column":23},"end":{"line":33,"column":39}}},"fnMap":{"0":{"name":"(anonymous_0)","decl":{"start":{"line":6,"column":18},"end":{"line":6,"column":19}},"loc":{"start":{"line":6,"column":29},"end":{"line":39,"column":1}},"line":6},"1":{"name":"(anonymous_1)","decl":{"start":{"line":9,"column":12},"end":{"line":9,"column":13}},"loc":{"start":{"line":9,"column":18},"end":{"line":19,"column":3}},"line":9},"2":{"name":"(anonymous_2)","decl":{"start":{"line":12,"column":10},"end":{"line":12,"column":11}},"loc":{"start":{"line":12,"column":24},"end":{"line":15,"column":5}},"line":12},"3":{"name":"(anonymous_3)","decl":{"start":{"line":16,"column":11},"end":{"line":16,"column":12}},"loc":{"start":{"line":16,"column":20},"end":{"line":18,"column":5}},"line":16},"4":{"name":"(anonymous_4)","decl":{"start":{"line":23,"column":26},"end":{"line":23,"column":27}},"loc":{"start":{"line":23,"column":33},"end":{"line":23,"column":69}},"line":23},"5":{"name":"(anonymous_5)","decl":{"start":{"line":33,"column":17},"end":{"line":33,"column":18}},"loc":{"start":{"line":33,"column":23},"end":{"line":33,"column":39}},"line":33}},"branchMap":{},"s":{"0":1,"1":0,"2":0,"3":0,"4":0,"5":0,"6":0,"7":0,"8":0,"9":0,"10":0,"11":0},"f":{"0":0,"1":0,"2":0,"3":0,"4":0,"5":0},"b":{},"_coverageSchema":"1a1c01bbd47fc00a2c39e90264f33305004495a9","hash":"51ee37a31261f520091496aea04ee777c88791bc"}
,"/Users/randy/hackreactor/FEC/FrontEndCapstone-EcommercePage/client/src/Main/WidgetMonica/components/MiddleSide/Answers.jsx": {"path":"/Users/randy/hackreactor/FEC/FrontEndCapstone-EcommercePage/client/src/Main/WidgetMonica/components/MiddleSide/Answers.jsx","statementMap":{"0":{"start":{"line":5,"column":14},"end":{"line":98,"column":1}},"1":{"start":{"line":7,"column":40},"end":{"line":7,"column":51}},"2":{"start":{"line":11,"column":15},"end":{"line":17,"column":3}},"3":{"start":{"line":12,"column":14},"end":{"line":12,"column":16}},"4":{"start":{"line":13,"column":4},"end":{"line":15,"column":5}},"5":{"start":{"line":13,"column":17},"end":{"line":13,"column":18}},"6":{"start":{"line":14,"column":6},"end":{"line":14,"column":23}},"7":{"start":{"line":16,"column":4},"end":{"line":16,"column":15}},"8":{"start":{"line":19,"column":23},"end":{"line":22,"column":3}},"9":{"start":{"line":20,"column":18},"end":{"line":20,"column":30}},"10":{"start":{"line":21,"column":4},"end":{"line":21,"column":30}},"11":{"start":{"line":24,"column":22},"end":{"line":41,"column":3}},"12":{"start":{"line":25,"column":4},"end":{"line":25,"column":22}},"13":{"start":{"line":26,"column":4},"end":{"line":28,"column":5}},"14":{"start":{"line":27,"column":6},"end":{"line":27,"column":13}},"15":{"start":{"line":30,"column":18},"end":{"line":30,"column":69}},"16":{"start":{"line":31,"column":4},"end":{"line":31,"column":34}},"17":{"start":{"line":32,"column":4},"end":{"line":32,"column":41}},"18":{"start":{"line":33,"column":4},"end":{"line":38,"column":6}},"19":{"start":{"line":35,"column":6},"end":{"line":35,"column":50}},"20":{"start":{"line":37,"column":6},"end":{"line":37,"column":74}},"21":{"start":{"line":39,"column":4},"end":{"line":39,"column":27}},"22":{"start":{"line":40,"column":4},"end":{"line":40,"column":28}},"23":{"start":{"line":43,"column":21},"end":{"line":56,"column":3}},"24":{"start":{"line":44,"column":4},"end":{"line":44,"column":22}},"25":{"start":{"line":45,"column":4},"end":{"line":53,"column":6}},"26":{"start":{"line":47,"column":6},"end":{"line":47,"column":35}},"27":{"start":{"line":48,"column":20},"end":{"line":48,"column":62}},"28":{"start":{"line":49,"column":6},"end":{"line":49,"column":26}},"29":{"start":{"line":50,"column":6},"end":{"line":50,"column":34}},"30":{"start":{"line":52,"column":6},"end":{"line":52,"column":61}},"31":{"start":{"line":57,"column":15},"end":{"line":95,"column":3}},"32":{"start":{"line":58,"column":4},"end":{"line":93,"column":5}},"33":{"start":{"line":62,"column":8},"end":{"line":88,"column":9}},"34":{"start":{"line":71,"column":16},"end":{"line":71,"column":79}},"35":{"start":{"line":79,"column":45},"end":{"line":79,"column":77}},"36":{"start":{"line":82,"column":96},"end":{"line":82,"column":127}},"37":{"start":{"line":96,"column":2},"end":{"line":96,"column":18}}},"fnMap":{"0":{"name":"(anonymous_0)","decl":{"start":{"line":5,"column":14},"end":{"line":5,"column":15}},"loc":{"start":{"line":5,"column":31},"end":{"line":98,"column":1}},"line":5},"1":{"name":"(anonymous_1)","decl":{"start":{"line":11,"column":15},"end":{"line":11,"column":16}},"loc":{"start":{"line":11,"column":38},"end":{"line":17,"column":3}},"line":11},"2":{"name":"(anonymous_2)","decl":{"start":{"line":19,"column":23},"end":{"line":19,"column":24}},"loc":{"start":{"line":19,"column":35},"end":{"line":22,"column":3}},"line":19},"3":{"name":"(anonymous_3)","decl":{"start":{"line":24,"column":22},"end":{"line":24,"column":23}},"loc":{"start":{"line":24,"column":39},"end":{"line":41,"column":3}},"line":24},"4":{"name":"(anonymous_4)","decl":{"start":{"line":34,"column":11},"end":{"line":34,"column":12}},"loc":{"start":{"line":34,"column":25},"end":{"line":36,"column":5}},"line":34},"5":{"name":"(anonymous_5)","decl":{"start":{"line":36,"column":13},"end":{"line":36,"column":14}},"loc":{"start":{"line":36,"column":22},"end":{"line":38,"column":5}},"line":36},"6":{"name":"(anonymous_6)","decl":{"start":{"line":43,"column":21},"end":{"line":43,"column":22}},"loc":{"start":{"line":43,"column":38},"end":{"line":56,"column":3}},"line":43},"7":{"name":"(anonymous_7)","decl":{"start":{"line":46,"column":11},"end":{"line":46,"column":12}},"loc":{"start":{"line":46,"column":25},"end":{"line":51,"column":5}},"line":46},"8":{"name":"(anonymous_8)","decl":{"start":{"line":51,"column":13},"end":{"line":51,"column":14}},"loc":{"start":{"line":51,"column":22},"end":{"line":53,"column":5}},"line":51},"9":{"name":"(anonymous_9)","decl":{"start":{"line":57,"column":15},"end":{"line":57,"column":16}},"loc":{"start":{"line":57,"column":27},"end":{"line":95,"column":3}},"line":57},"10":{"name":"(anonymous_10)","decl":{"start":{"line":61,"column":52},"end":{"line":61,"column":53}},"loc":{"start":{"line":61,"column":69},"end":{"line":89,"column":7}},"line":61},"11":{"name":"(anonymous_11)","decl":{"start":{"line":70,"column":45},"end":{"line":70,"column":46}},"loc":{"start":{"line":71,"column":16},"end":{"line":71,"column":79}},"line":71},"12":{"name":"(anonymous_12)","decl":{"start":{"line":79,"column":37},"end":{"line":79,"column":38}},"loc":{"start":{"line":79,"column":44},"end":{"line":79,"column":78}},"line":79},"13":{"name":"(anonymous_13)","decl":{"start":{"line":82,"column":88},"end":{"line":82,"column":89}},"loc":{"start":{"line":82,"column":95},"end":{"line":82,"column":128}},"line":82}},"branchMap":{"0":{"loc":{"start":{"line":26,"column":4},"end":{"line":28,"column":5}},"type":"if","locations":[{"start":{"line":26,"column":4},"end":{"line":28,"column":5}},{"start":{},"end":{}}],"line":26},"1":{"loc":{"start":{"line":70,"column":14},"end":{"line":72,"column":16}},"type":"binary-expr","locations":[{"start":{"line":70,"column":14},"end":{"line":70,"column":25}},{"start":{"line":70,"column":27},"end":{"line":72,"column":16}}],"line":70},"2":{"loc":{"start":{"line":82,"column":15},"end":{"line":82,"column":140}},"type":"binary-expr","locations":[{"start":{"line":82,"column":15},"end":{"line":82,"column":29}},{"start":{"line":82,"column":33},"end":{"line":82,"column":64}},{"start":{"line":82,"column":68},"end":{"line":82,"column":140}}],"line":82},"3":{"loc":{"start":{"line":83,"column":15},"end":{"line":83,"column":83}},"type":"binary-expr","locations":[{"start":{"line":83,"column":15},"end":{"line":83,"column":29}},{"start":{"line":83,"column":33},"end":{"line":83,"column":63}},{"start":{"line":83,"column":68},"end":{"line":83,"column":83}}],"line":83}},"s":{"0":1,"1":0,"2":0,"3":0,"4":0,"5":0,"6":0,"7":0,"8":0,"9":0,"10":0,"11":0,"12":0,"13":0,"14":0,"15":0,"16":0,"17":0,"18":0,"19":0,"20":0,"21":0,"22":0,"23":0,"24":0,"25":0,"26":0,"27":0,"28":0,"29":0,"30":0,"31":0,"32":0,"33":0,"34":0,"35":0,"36":0,"37":0},"f":{"0":0,"1":0,"2":0,"3":0,"4":0,"5":0,"6":0,"7":0,"8":0,"9":0,"10":0,"11":0,"12":0,"13":0},"b":{"0":[0,0],"1":[0,0],"2":[0,0,0],"3":[0,0,0]},"_coverageSchema":"1a1c01bbd47fc00a2c39e90264f33305004495a9","hash":"b4ee23a65771339df5e19577577e13b2f1a35fc9"}
,"/Users/randy/hackreactor/FEC/FrontEndCapstone-EcommercePage/client/src/Main/WidgetMonica/components/MiddleSide/IndividualQuestion.jsx": {"path":"/Users/randy/hackreactor/FEC/FrontEndCapstone-EcommercePage/client/src/Main/WidgetMonica/components/MiddleSide/IndividualQuestion.jsx","statementMap":{"0":{"start":{"line":7,"column":27},"end":{"line":118,"column":1}},"1":{"start":{"line":8,"column":2},"end":{"line":10,"column":3}},"2":{"start":{"line":9,"column":4},"end":{"line":9,"column":16}},"3":{"start":{"line":12,"column":56},"end":{"line":12,"column":101}},"4":{"start":{"line":14,"column":52},"end":{"line":14,"column":62}},"5":{"start":{"line":15,"column":34},"end":{"line":15,"column":44}},"6":{"start":{"line":16,"column":44},"end":{"line":16,"column":56}},"7":{"start":{"line":18,"column":22},"end":{"line":39,"column":3}},"8":{"start":{"line":19,"column":14},"end":{"line":19,"column":35}},"9":{"start":{"line":20,"column":20},"end":{"line":20,"column":22}},"10":{"start":{"line":21,"column":20},"end":{"line":21,"column":22}},"11":{"start":{"line":22,"column":4},"end":{"line":28,"column":5}},"12":{"start":{"line":22,"column":17},"end":{"line":22,"column":18}},"13":{"start":{"line":23,"column":6},"end":{"line":27,"column":7}},"14":{"start":{"line":24,"column":8},"end":{"line":24,"column":30}},"15":{"start":{"line":26,"column":8},"end":{"line":26,"column":30}},"16":{"start":{"line":29,"column":21},"end":{"line":34,"column":5}},"17":{"start":{"line":30,"column":6},"end":{"line":32,"column":9}},"18":{"start":{"line":31,"column":8},"end":{"line":31,"column":90}},"19":{"start":{"line":33,"column":6},"end":{"line":33,"column":17}},"20":{"start":{"line":35,"column":23},"end":{"line":35,"column":44}},"21":{"start":{"line":36,"column":23},"end":{"line":36,"column":44}},"22":{"start":{"line":37,"column":19},"end":{"line":37,"column":52}},"23":{"start":{"line":38,"column":4},"end":{"line":38,"column":20}},"24":{"start":{"line":41,"column":2},"end":{"line":65,"column":8}},"25":{"start":{"line":42,"column":20},"end":{"line":48,"column":5}},"26":{"start":{"line":49,"column":4},"end":{"line":64,"column":8}},"27":{"start":{"line":51,"column":28},"end":{"line":51,"column":64}},"28":{"start":{"line":52,"column":22},"end":{"line":52,"column":24}},"29":{"start":{"line":53,"column":26},"end":{"line":53,"column":28}},"30":{"start":{"line":54,"column":8},"end":{"line":57,"column":10}},"31":{"start":{"line":55,"column":10},"end":{"line":55,"column":52}},"32":{"start":{"line":56,"column":10},"end":{"line":56,"column":46}},"33":{"start":{"line":58,"column":8},"end":{"line":58,"column":38}},"34":{"start":{"line":59,"column":8},"end":{"line":59,"column":40}},"35":{"start":{"line":60,"column":8},"end":{"line":60,"column":33}},"36":{"start":{"line":63,"column":8},"end":{"line":63,"column":25}},"37":{"start":{"line":67,"column":22},"end":{"line":81,"column":3}},"38":{"start":{"line":68,"column":4},"end":{"line":68,"column":23}},"39":{"start":{"line":69,"column":4},"end":{"line":71,"column":5}},"40":{"start":{"line":70,"column":6},"end":{"line":70,"column":13}},"41":{"start":{"line":72,"column":23},"end":{"line":72,"column":61}},"42":{"start":{"line":73,"column":4},"end":{"line":73,"column":41}},"43":{"start":{"line":74,"column":4},"end":{"line":79,"column":6}},"44":{"start":{"line":76,"column":6},"end":{"line":76,"column":52}},"45":{"start":{"line":78,"column":6},"end":{"line":78,"column":76}},"46":{"start":{"line":80,"column":4},"end":{"line":80,"column":28}},"47":{"start":{"line":83,"column":2},"end":{"line":116,"column":3}},"48":{"start":{"line":89,"column":36},"end":{"line":89,"column":80}}},"fnMap":{"0":{"name":"(anonymous_0)","decl":{"start":{"line":7,"column":27},"end":{"line":7,"column":28}},"loc":{"start":{"line":7,"column":38},"end":{"line":118,"column":1}},"line":7},"1":{"name":"(anonymous_1)","decl":{"start":{"line":18,"column":22},"end":{"line":18,"column":23}},"loc":{"start":{"line":18,"column":47},"end":{"line":39,"column":3}},"line":18},"2":{"name":"(anonymous_2)","decl":{"start":{"line":29,"column":21},"end":{"line":29,"column":22}},"loc":{"start":{"line":29,"column":36},"end":{"line":34,"column":5}},"line":29},"3":{"name":"(anonymous_3)","decl":{"start":{"line":30,"column":15},"end":{"line":30,"column":16}},"loc":{"start":{"line":30,"column":28},"end":{"line":32,"column":7}},"line":30},"4":{"name":"(anonymous_4)","decl":{"start":{"line":41,"column":12},"end":{"line":41,"column":13}},"loc":{"start":{"line":41,"column":18},"end":{"line":65,"column":4}},"line":41},"5":{"name":"(anonymous_5)","decl":{"start":{"line":50,"column":12},"end":{"line":50,"column":13}},"loc":{"start":{"line":50,"column":26},"end":{"line":61,"column":7}},"line":50},"6":{"name":"(anonymous_6)","decl":{"start":{"line":54,"column":30},"end":{"line":54,"column":31}},"loc":{"start":{"line":54,"column":40},"end":{"line":57,"column":9}},"line":54},"7":{"name":"(anonymous_7)","decl":{"start":{"line":62,"column":13},"end":{"line":62,"column":14}},"loc":{"start":{"line":62,"column":22},"end":{"line":64,"column":7}},"line":62},"8":{"name":"(anonymous_8)","decl":{"start":{"line":67,"column":22},"end":{"line":67,"column":23}},"loc":{"start":{"line":67,"column":39},"end":{"line":81,"column":3}},"line":67},"9":{"name":"(anonymous_9)","decl":{"start":{"line":75,"column":11},"end":{"line":75,"column":12}},"loc":{"start":{"line":75,"column":25},"end":{"line":77,"column":5}},"line":75},"10":{"name":"(anonymous_10)","decl":{"start":{"line":77,"column":13},"end":{"line":77,"column":14}},"loc":{"start":{"line":77,"column":22},"end":{"line":79,"column":5}},"line":77},"11":{"name":"(anonymous_11)","decl":{"start":{"line":89,"column":28},"end":{"line":89,"column":29}},"loc":{"start":{"line":89,"column":35},"end":{"line":89,"column":81}},"line":89}},"branchMap":{"0":{"loc":{"start":{"line":8,"column":2},"end":{"line":10,"column":3}},"type":"if","locations":[{"start":{"line":8,"column":2},"end":{"line":10,"column":3}},{"start":{},"end":{}}],"line":8},"1":{"loc":{"start":{"line":23,"column":6},"end":{"line":27,"column":7}},"type":"if","locations":[{"start":{"line":23,"column":6},"end":{"line":27,"column":7}},{"start":{"line":25,"column":13},"end":{"line":27,"column":7}}],"line":23},"2":{"loc":{"start":{"line":23,"column":9},"end":{"line":23,"column":116}},"type":"binary-expr","locations":[{"start":{"line":23,"column":9},"end":{"line":23,"column":42}},{"start":{"line":23,"column":46},"end":{"line":23,"column":79}},{"start":{"line":23,"column":83},"end":{"line":23,"column":116}}],"line":23},"3":{"loc":{"start":{"line":31,"column":15},"end":{"line":31,"column":89}},"type":"cond-expr","locations":[{"start":{"line":31,"column":47},"end":{"line":31,"column":49}},{"start":{"line":31,"column":52},"end":{"line":31,"column":89}}],"line":31},"4":{"loc":{"start":{"line":31,"column":52},"end":{"line":31,"column":89}},"type":"cond-expr","locations":[{"start":{"line":31,"column":84},"end":{"line":31,"column":85}},{"start":{"line":31,"column":88},"end":{"line":31,"column":89}}],"line":31},"5":{"loc":{"start":{"line":69,"column":4},"end":{"line":71,"column":5}},"type":"if","locations":[{"start":{"line":69,"column":4},"end":{"line":71,"column":5}},{"start":{},"end":{}}],"line":69}},"s":{"0":1,"1":0,"2":0,"3":0,"4":0,"5":0,"6":0,"7":0,"8":0,"9":0,"10":0,"11":0,"12":0,"13":0,"14":0,"15":0,"16":0,"17":0,"18":0,"19":0,"20":0,"21":0,"22":0,"23":0,"24":0,"25":0,"26":0,"27":0,"28":0,"29":0,"30":0,"31":0,"32":0,"33":0,"34":0,"35":0,"36":0,"37":0,"38":0,"39":0,"40":0,"41":0,"42":0,"43":0,"44":0,"45":0,"46":0,"47":0,"48":0},"f":{"0":0,"1":0,"2":0,"3":0,"4":0,"5":0,"6":0,"7":0,"8":0,"9":0,"10":0,"11":0},"b":{"0":[0,0],"1":[0,0],"2":[0,0,0],"3":[0,0],"4":[0,0],"5":[0,0]},"_coverageSchema":"1a1c01bbd47fc00a2c39e90264f33305004495a9","hash":"d0c7acec59758cab11acdd1dd636d36e2220520d"}
,"/Users/randy/hackreactor/FEC/FrontEndCapstone-EcommercePage/client/src/Main/WidgetMonica/components/MiddleSide/ModalAnswer.jsx": {"path":"/Users/randy/hackreactor/FEC/FrontEndCapstone-EcommercePage/client/src/Main/WidgetMonica/components/MiddleSide/ModalAnswer.jsx","statementMap":{"0":{"start":{"line":7,"column":18},"end":{"line":12,"column":1}},"1":{"start":{"line":14,"column":20},"end":{"line":22,"column":1}},"2":{"start":{"line":24,"column":23},"end":{"line":32,"column":1}},"3":{"start":{"line":34,"column":2},"end":{"line":36,"column":3}},"4":{"start":{"line":35,"column":4},"end":{"line":35,"column":16}},"5":{"start":{"line":37,"column":26},"end":{"line":37,"column":38}},"6":{"start":{"line":38,"column":26},"end":{"line":38,"column":38}},"7":{"start":{"line":39,"column":28},"end":{"line":39,"column":40}},"8":{"start":{"line":40,"column":30},"end":{"line":40,"column":42}},"9":{"start":{"line":41,"column":32},"end":{"line":41,"column":42}},"10":{"start":{"line":44,"column":22},"end":{"line":66,"column":3}},"11":{"start":{"line":45,"column":14},"end":{"line":45,"column":35}},"12":{"start":{"line":46,"column":4},"end":{"line":46,"column":31}},"13":{"start":{"line":47,"column":20},"end":{"line":47,"column":22}},"14":{"start":{"line":48,"column":20},"end":{"line":48,"column":22}},"15":{"start":{"line":49,"column":4},"end":{"line":55,"column":5}},"16":{"start":{"line":49,"column":17},"end":{"line":49,"column":18}},"17":{"start":{"line":50,"column":6},"end":{"line":54,"column":7}},"18":{"start":{"line":51,"column":8},"end":{"line":51,"column":30}},"19":{"start":{"line":53,"column":8},"end":{"line":53,"column":30}},"20":{"start":{"line":56,"column":21},"end":{"line":61,"column":5}},"21":{"start":{"line":57,"column":6},"end":{"line":59,"column":9}},"22":{"start":{"line":58,"column":8},"end":{"line":58,"column":90}},"23":{"start":{"line":60,"column":6},"end":{"line":60,"column":17}},"24":{"start":{"line":62,"column":23},"end":{"line":62,"column":44}},"25":{"start":{"line":63,"column":23},"end":{"line":63,"column":44}},"26":{"start":{"line":64,"column":19},"end":{"line":64,"column":52}},"27":{"start":{"line":65,"column":4},"end":{"line":65,"column":20}},"28":{"start":{"line":68,"column":21},"end":{"line":116,"column":3}},"29":{"start":{"line":69,"column":4},"end":{"line":69,"column":27}},"30":{"start":{"line":70,"column":4},"end":{"line":70,"column":23}},"31":{"start":{"line":71,"column":29},"end":{"line":71,"column":42}},"32":{"start":{"line":72,"column":18},"end":{"line":72,"column":20}},"33":{"start":{"line":73,"column":4},"end":{"line":114,"column":6}},"34":{"start":{"line":74,"column":6},"end":{"line":74,"column":46}},"35":{"start":{"line":75,"column":6},"end":{"line":77,"column":8}},"36":{"start":{"line":76,"column":8},"end":{"line":76,"column":36}},"37":{"start":{"line":78,"column":6},"end":{"line":78,"column":40}},"38":{"start":{"line":79,"column":6},"end":{"line":111,"column":7}},"39":{"start":{"line":86,"column":6},"end":{"line":86,"column":44}},"40":{"start":{"line":87,"column":6},"end":{"line":107,"column":8}},"41":{"start":{"line":90,"column":22},"end":{"line":90,"column":24}},"42":{"start":{"line":91,"column":26},"end":{"line":91,"column":28}},"43":{"start":{"line":92,"column":27},"end":{"line":92,"column":58}},"44":{"start":{"line":93,"column":8},"end":{"line":96,"column":10}},"45":{"start":{"line":94,"column":10},"end":{"line":94,"column":52}},"46":{"start":{"line":97,"column":8},"end":{"line":97,"column":44}},"47":{"start":{"line":98,"column":8},"end":{"line":98,"column":44}},"48":{"start":{"line":99,"column":8},"end":{"line":99,"column":20}},"49":{"start":{"line":100,"column":8},"end":{"line":100,"column":20}},"50":{"start":{"line":101,"column":8},"end":{"line":101,"column":21}},"51":{"start":{"line":102,"column":8},"end":{"line":102,"column":24}},"52":{"start":{"line":106,"column":8},"end":{"line":106,"column":27}},"53":{"start":{"line":110,"column":6},"end":{"line":110,"column":25}},"54":{"start":{"line":113,"column":6},"end":{"line":113,"column":46}},"55":{"start":{"line":115,"column":4},"end":{"line":115,"column":23}},"56":{"start":{"line":118,"column":22},"end":{"line":142,"column":3}},"57":{"start":{"line":120,"column":14},"end":{"line":120,"column":16}},"58":{"start":{"line":121,"column":4},"end":{"line":140,"column":7}},"59":{"start":{"line":124,"column":27},"end":{"line":124,"column":41}},"60":{"start":{"line":125,"column":10},"end":{"line":125,"column":39}},"61":{"start":{"line":126,"column":10},"end":{"line":126,"column":55}},"62":{"start":{"line":127,"column":10},"end":{"line":127,"column":52}},"63":{"start":{"line":128,"column":24},"end":{"line":128,"column":101}},"64":{"start":{"line":138,"column":8},"end":{"line":138,"column":26}},"65":{"start":{"line":141,"column":6},"end":{"line":141,"column":29}},"66":{"start":{"line":144,"column":25},"end":{"line":165,"column":3}},"67":{"start":{"line":145,"column":16},"end":{"line":145,"column":30}},"68":{"start":{"line":146,"column":14},"end":{"line":146,"column":28}},"69":{"start":{"line":147,"column":4},"end":{"line":149,"column":5}},"70":{"start":{"line":147,"column":17},"end":{"line":147,"column":31}},"71":{"start":{"line":148,"column":6},"end":{"line":148,"column":33}},"72":{"start":{"line":151,"column":4},"end":{"line":153,"column":5}},"73":{"start":{"line":152,"column":6},"end":{"line":152,"column":26}},"74":{"start":{"line":154,"column":5},"end":{"line":154,"column":20}},"75":{"start":{"line":155,"column":5},"end":{"line":155,"column":28}},"76":{"start":{"line":157,"column":17},"end":{"line":157,"column":19}},"77":{"start":{"line":158,"column":5},"end":{"line":160,"column":6}},"78":{"start":{"line":159,"column":6},"end":{"line":159,"column":29}},"79":{"start":{"line":161,"column":5},"end":{"line":163,"column":7}},"80":{"start":{"line":162,"column":6},"end":{"line":162,"column":41}},"81":{"start":{"line":164,"column":5},"end":{"line":164,"column":20}},"82":{"start":{"line":167,"column":2},"end":{"line":213,"column":3}},"83":{"start":{"line":181,"column":91},"end":{"line":181,"column":114}},"84":{"start":{"line":186,"column":111},"end":{"line":186,"column":134}},"85":{"start":{"line":191,"column":118},"end":{"line":191,"column":142}},"86":{"start":{"line":196,"column":93},"end":{"line":196,"column":110}},"87":{"start":{"line":198,"column":18},"end":{"line":200,"column":19}}},"fnMap":{"0":{"name":"Modal","decl":{"start":{"line":33,"column":9},"end":{"line":33,"column":14}},"loc":{"start":{"line":33,"column":22},"end":{"line":214,"column":1}},"line":33},"1":{"name":"(anonymous_1)","decl":{"start":{"line":44,"column":22},"end":{"line":44,"column":23}},"loc":{"start":{"line":44,"column":47},"end":{"line":66,"column":3}},"line":44},"2":{"name":"(anonymous_2)","decl":{"start":{"line":56,"column":21},"end":{"line":56,"column":22}},"loc":{"start":{"line":56,"column":36},"end":{"line":61,"column":5}},"line":56},"3":{"name":"(anonymous_3)","decl":{"start":{"line":57,"column":15},"end":{"line":57,"column":16}},"loc":{"start":{"line":57,"column":28},"end":{"line":59,"column":7}},"line":57},"4":{"name":"(anonymous_4)","decl":{"start":{"line":68,"column":21},"end":{"line":68,"column":22}},"loc":{"start":{"line":68,"column":32},"end":{"line":116,"column":3}},"line":68},"5":{"name":"(anonymous_5)","decl":{"start":{"line":73,"column":28},"end":{"line":73,"column":29}},"loc":{"start":{"line":73,"column":42},"end":{"line":112,"column":5}},"line":73},"6":{"name":"(anonymous_6)","decl":{"start":{"line":75,"column":23},"end":{"line":75,"column":24}},"loc":{"start":{"line":75,"column":33},"end":{"line":77,"column":7}},"line":75},"7":{"name":"(anonymous_7)","decl":{"start":{"line":85,"column":10},"end":{"line":85,"column":11}},"loc":{"start":{"line":85,"column":30},"end":{"line":108,"column":5}},"line":85},"8":{"name":"(anonymous_8)","decl":{"start":{"line":89,"column":12},"end":{"line":89,"column":13}},"loc":{"start":{"line":89,"column":21},"end":{"line":103,"column":9}},"line":89},"9":{"name":"(anonymous_9)","decl":{"start":{"line":93,"column":29},"end":{"line":93,"column":30}},"loc":{"start":{"line":93,"column":39},"end":{"line":96,"column":9}},"line":93},"10":{"name":"(anonymous_10)","decl":{"start":{"line":105,"column":13},"end":{"line":105,"column":14}},"loc":{"start":{"line":105,"column":24},"end":{"line":107,"column":7}},"line":105},"11":{"name":"(anonymous_11)","decl":{"start":{"line":109,"column":11},"end":{"line":109,"column":12}},"loc":{"start":{"line":109,"column":28},"end":{"line":111,"column":5}},"line":109},"12":{"name":"(anonymous_12)","decl":{"start":{"line":112,"column":13},"end":{"line":112,"column":14}},"loc":{"start":{"line":112,"column":22},"end":{"line":114,"column":5}},"line":112},"13":{"name":"(anonymous_13)","decl":{"start":{"line":118,"column":22},"end":{"line":118,"column":23}},"loc":{"start":{"line":118,"column":34},"end":{"line":142,"column":3}},"line":118},"14":{"name":"(anonymous_14)","decl":{"start":{"line":121,"column":19},"end":{"line":121,"column":20}},"loc":{"start":{"line":121,"column":29},"end":{"line":139,"column":9}},"line":121},"15":{"name":"(anonymous_15)","decl":{"start":{"line":144,"column":25},"end":{"line":144,"column":26}},"loc":{"start":{"line":144,"column":38},"end":{"line":165,"column":3}},"line":144},"16":{"name":"(anonymous_16)","decl":{"start":{"line":161,"column":17},"end":{"line":161,"column":18}},"loc":{"start":{"line":161,"column":27},"end":{"line":163,"column":6}},"line":161},"17":{"name":"(anonymous_17)","decl":{"start":{"line":181,"column":83},"end":{"line":181,"column":84}},"loc":{"start":{"line":181,"column":90},"end":{"line":181,"column":115}},"line":181},"18":{"name":"(anonymous_18)","decl":{"start":{"line":186,"column":103},"end":{"line":186,"column":104}},"loc":{"start":{"line":186,"column":110},"end":{"line":186,"column":135}},"line":186},"19":{"name":"(anonymous_19)","decl":{"start":{"line":191,"column":110},"end":{"line":191,"column":111}},"loc":{"start":{"line":191,"column":117},"end":{"line":191,"column":143}},"line":191},"20":{"name":"(anonymous_20)","decl":{"start":{"line":196,"column":86},"end":{"line":196,"column":87}},"loc":{"start":{"line":196,"column":93},"end":{"line":196,"column":110}},"line":196},"21":{"name":"(anonymous_21)","decl":{"start":{"line":197,"column":41},"end":{"line":197,"column":42}},"loc":{"start":{"line":197,"column":51},"end":{"line":201,"column":17}},"line":197}},"branchMap":{"0":{"loc":{"start":{"line":34,"column":2},"end":{"line":36,"column":3}},"type":"if","locations":[{"start":{"line":34,"column":2},"end":{"line":36,"column":3}},{"start":{},"end":{}}],"line":34},"1":{"loc":{"start":{"line":50,"column":6},"end":{"line":54,"column":7}},"type":"if","locations":[{"start":{"line":50,"column":6},"end":{"line":54,"column":7}},{"start":{"line":52,"column":13},"end":{"line":54,"column":7}}],"line":50},"2":{"loc":{"start":{"line":50,"column":9},"end":{"line":50,"column":116}},"type":"binary-expr","locations":[{"start":{"line":50,"column":9},"end":{"line":50,"column":42}},{"start":{"line":50,"column":46},"end":{"line":50,"column":79}},{"start":{"line":50,"column":83},"end":{"line":50,"column":116}}],"line":50},"3":{"loc":{"start":{"line":58,"column":15},"end":{"line":58,"column":89}},"type":"cond-expr","locations":[{"start":{"line":58,"column":47},"end":{"line":58,"column":49}},{"start":{"line":58,"column":52},"end":{"line":58,"column":89}}],"line":58},"4":{"loc":{"start":{"line":58,"column":52},"end":{"line":58,"column":89}},"type":"cond-expr","locations":[{"start":{"line":58,"column":84},"end":{"line":58,"column":85}},{"start":{"line":58,"column":88},"end":{"line":58,"column":89}}],"line":58},"5":{"loc":{"start":{"line":151,"column":4},"end":{"line":153,"column":5}},"type":"if","locations":[{"start":{"line":151,"column":4},"end":{"line":153,"column":5}},{"start":{},"end":{}}],"line":151},"6":{"loc":{"start":{"line":158,"column":5},"end":{"line":160,"column":6}},"type":"if","locations":[{"start":{"line":158,"column":5},"end":{"line":160,"column":6}},{"start":{},"end":{}}],"line":158},"7":{"loc":{"start":{"line":197,"column":18},"end":{"line":201,"column":18}},"type":"binary-expr","locations":[{"start":{"line":197,"column":18},"end":{"line":197,"column":25}},{"start":{"line":197,"column":29},"end":{"line":201,"column":18}}],"line":197}},"s":{"0":1,"1":1,"2":1,"3":0,"4":0,"5":0,"6":0,"7":0,"8":0,"9":0,"10":0,"11":0,"12":0,"13":0,"14":0,"15":0,"16":0,"17":0,"18":0,"19":0,"20":0,"21":0,"22":0,"23":0,"24":0,"25":0,"26":0,"27":0,"28":0,"29":0,"30":0,"31":0,"32":0,"33":0,"34":0,"35":0,"36":0,"37":0,"38":0,"39":0,"40":0,"41":0,"42":0,"43":0,"44":0,"45":0,"46":0,"47":0,"48":0,"49":0,"50":0,"51":0,"52":0,"53":0,"54":0,"55":0,"56":0,"57":0,"58":0,"59":0,"60":0,"61":0,"62":0,"63":0,"64":0,"65":0,"66":0,"67":0,"68":0,"69":0,"70":0,"71":0,"72":0,"73":0,"74":0,"75":0,"76":0,"77":0,"78":0,"79":0,"80":0,"81":0,"82":0,"83":0,"84":0,"85":0,"86":0,"87":0},"f":{"0":0,"1":0,"2":0,"3":0,"4":0,"5":0,"6":0,"7":0,"8":0,"9":0,"10":0,"11":0,"12":0,"13":0,"14":0,"15":0,"16":0,"17":0,"18":0,"19":0,"20":0,"21":0},"b":{"0":[0,0],"1":[0,0],"2":[0,0,0],"3":[0,0],"4":[0,0],"5":[0,0],"6":[0,0],"7":[0,0]},"_coverageSchema":"1a1c01bbd47fc00a2c39e90264f33305004495a9","hash":"63dc2cc7f8bbd3798e16c053d710bdedff8a8d50"}
,"/Users/randy/hackreactor/FEC/FrontEndCapstone-EcommercePage/client/src/Main/WidgetMonica/components/MiddleSide/QuestionsList.jsx": {"path":"/Users/randy/hackreactor/FEC/FrontEndCapstone-EcommercePage/client/src/Main/WidgetMonica/components/MiddleSide/QuestionsList.jsx","statementMap":{"0":{"start":{"line":6,"column":22},"end":{"line":53,"column":1}},"1":{"start":{"line":7,"column":2},"end":{"line":9,"column":3}},"2":{"start":{"line":8,"column":4},"end":{"line":8,"column":16}},"3":{"start":{"line":10,"column":19},"end":{"line":15,"column":3}},"4":{"start":{"line":11,"column":4},"end":{"line":13,"column":7}},"5":{"start":{"line":12,"column":6},"end":{"line":12,"column":88}},"6":{"start":{"line":14,"column":4},"end":{"line":14,"column":27}},"7":{"start":{"line":16,"column":16},"end":{"line":16,"column":28}},"8":{"start":{"line":17,"column":2},"end":{"line":19,"column":3}},"9":{"start":{"line":18,"column":4},"end":{"line":18,"column":16}},"10":{"start":{"line":20,"column":19},"end":{"line":25,"column":3}},"11":{"start":{"line":21,"column":4},"end":{"line":23,"column":7}},"12":{"start":{"line":22,"column":6},"end":{"line":22,"column":88}},"13":{"start":{"line":24,"column":4},"end":{"line":24,"column":27}},"14":{"start":{"line":26,"column":16},"end":{"line":26,"column":28}},"15":{"start":{"line":29,"column":23},"end":{"line":31,"column":3}},"16":{"start":{"line":30,"column":4},"end":{"line":30,"column":109}},"17":{"start":{"line":33,"column":2},"end":{"line":51,"column":3}}},"fnMap":{"0":{"name":"(anonymous_0)","decl":{"start":{"line":6,"column":22},"end":{"line":6,"column":23}},"loc":{"start":{"line":6,"column":33},"end":{"line":53,"column":1}},"line":6},"1":{"name":"(anonymous_1)","decl":{"start":{"line":10,"column":19},"end":{"line":10,"column":20}},"loc":{"start":{"line":10,"column":31},"end":{"line":15,"column":3}},"line":10},"2":{"name":"(anonymous_2)","decl":{"start":{"line":11,"column":25},"end":{"line":11,"column":26}},"loc":{"start":{"line":11,"column":38},"end":{"line":13,"column":5}},"line":11},"3":{"name":"(anonymous_3)","decl":{"start":{"line":20,"column":19},"end":{"line":20,"column":20}},"loc":{"start":{"line":20,"column":31},"end":{"line":25,"column":3}},"line":20},"4":{"name":"(anonymous_4)","decl":{"start":{"line":21,"column":25},"end":{"line":21,"column":26}},"loc":{"start":{"line":21,"column":38},"end":{"line":23,"column":5}},"line":21},"5":{"name":"(anonymous_5)","decl":{"start":{"line":29,"column":23},"end":{"line":29,"column":24}},"loc":{"start":{"line":30,"column":4},"end":{"line":30,"column":109}},"line":30}},"branchMap":{"0":{"loc":{"start":{"line":7,"column":2},"end":{"line":9,"column":3}},"type":"if","locations":[{"start":{"line":7,"column":2},"end":{"line":9,"column":3}},{"start":{},"end":{}}],"line":7},"1":{"loc":{"start":{"line":12,"column":13},"end":{"line":12,"column":87}},"type":"cond-expr","locations":[{"start":{"line":12,"column":45},"end":{"line":12,"column":47}},{"start":{"line":12,"column":50},"end":{"line":12,"column":87}}],"line":12},"2":{"loc":{"start":{"line":12,"column":50},"end":{"line":12,"column":87}},"type":"cond-expr","locations":[{"start":{"line":12,"column":82},"end":{"line":12,"column":83}},{"start":{"line":12,"column":86},"end":{"line":12,"column":87}}],"line":12},"3":{"loc":{"start":{"line":17,"column":2},"end":{"line":19,"column":3}},"type":"if","locations":[{"start":{"line":17,"column":2},"end":{"line":19,"column":3}},{"start":{},"end":{}}],"line":17},"4":{"loc":{"start":{"line":22,"column":13},"end":{"line":22,"column":87}},"type":"cond-expr","locations":[{"start":{"line":22,"column":45},"end":{"line":22,"column":47}},{"start":{"line":22,"column":50},"end":{"line":22,"column":87}}],"line":22},"5":{"loc":{"start":{"line":22,"column":50},"end":{"line":22,"column":87}},"type":"cond-expr","locations":[{"start":{"line":22,"column":82},"end":{"line":22,"column":83}},{"start":{"line":22,"column":86},"end":{"line":22,"column":87}}],"line":22}},"s":{"0":1,"1":1,"2":0,"3":1,"4":1,"5":0,"6":1,"7":1,"8":1,"9":0,"10":1,"11":1,"12":0,"13":1,"14":1,"15":1,"16":0,"17":1},"f":{"0":1,"1":1,"2":0,"3":1,"4":0,"5":0},"b":{"0":[0,1],"1":[0,0],"2":[0,0],"3":[0,1],"4":[0,0],"5":[0,0]},"_coverageSchema":"1a1c01bbd47fc00a2c39e90264f33305004495a9","hash":"958fff07f9f36d3a1a8f3e726a7cf46dba852e1d"}
,"/Users/randy/hackreactor/FEC/FrontEndCapstone-EcommercePage/client/src/Main/WidgetRandy/main.jsx": {"path":"/Users/randy/hackreactor/FEC/FrontEndCapstone-EcommercePage/client/src/Main/WidgetRandy/main.jsx","statementMap":{"0":{"start":{"line":14,"column":18},"end":{"line":57,"column":1}},"1":{"start":{"line":16,"column":21},"end":{"line":16,"column":52}},"2":{"start":{"line":17,"column":21},"end":{"line":17,"column":22}},"3":{"start":{"line":18,"column":2},"end":{"line":20,"column":3}},"4":{"start":{"line":18,"column":15},"end":{"line":18,"column":16}},"5":{"start":{"line":19,"column":4},"end":{"line":19,"column":52}},"6":{"start":{"line":19,"column":34},"end":{"line":19,"column":50}},"7":{"start":{"line":22,"column":28},"end":{"line":22,"column":50}},"8":{"start":{"line":23,"column":30},"end":{"line":23,"column":45}},"9":{"start":{"line":24,"column":42},"end":{"line":24,"column":53}},"10":{"start":{"line":25,"column":54},"end":{"line":25,"column":65}},"11":{"start":{"line":27,"column":2},"end":{"line":56,"column":9}},"12":{"start":{"line":59,"column":15},"end":{"line":66,"column":1}},"13":{"start":{"line":68,"column":22},"end":{"line":69,"column":1}},"14":{"start":{"line":71,"column":15},"end":{"line":75,"column":1}},"15":{"start":{"line":76,"column":15},"end":{"line":80,"column":1}},"16":{"start":{"line":82,"column":19},"end":{"line":84,"column":1}},"17":{"start":{"line":86,"column":22},"end":{"line":89,"column":1}},"18":{"start":{"line":91,"column":30},"end":{"line":95,"column":1}}},"fnMap":{"0":{"name":"(anonymous_0)","decl":{"start":{"line":14,"column":18},"end":{"line":14,"column":19}},"loc":{"start":{"line":14,"column":69},"end":{"line":57,"column":1}},"line":14}},"branchMap":{"0":{"loc":{"start":{"line":16,"column":21},"end":{"line":16,"column":52}},"type":"binary-expr","locations":[{"start":{"line":16,"column":21},"end":{"line":16,"column":46}},{"start":{"line":16,"column":50},"end":{"line":16,"column":52}}],"line":16},"1":{"loc":{"start":{"line":19,"column":4},"end":{"line":19,"column":52}},"type":"if","locations":[{"start":{"line":19,"column":4},"end":{"line":19,"column":52}},{"start":{},"end":{}}],"line":19},"2":{"loc":{"start":{"line":39,"column":5},"end":{"line":39,"column":65}},"type":"binary-expr","locations":[{"start":{"line":39,"column":5},"end":{"line":39,"column":40}},{"start":{"line":39,"column":44},"end":{"line":39,"column":65}}],"line":39},"3":{"loc":{"start":{"line":42,"column":5},"end":{"line":42,"column":299}},"type":"binary-expr","locations":[{"start":{"line":42,"column":5},"end":{"line":42,"column":40}},{"start":{"line":42,"column":44},"end":{"line":42,"column":50}},{"start":{"line":42,"column":54},"end":{"line":42,"column":299}}],"line":42},"4":{"loc":{"start":{"line":45,"column":5},"end":{"line":55,"column":20}},"type":"binary-expr","locations":[{"start":{"line":45,"column":5},"end":{"line":45,"column":40}},{"start":{"line":45,"column":44},"end":{"line":45,"column":51}},{"start":{"line":45,"column":55},"end":{"line":55,"column":20}}],"line":45}},"s":{"0":1,"1":0,"2":0,"3":0,"4":0,"5":0,"6":0,"7":0,"8":0,"9":0,"10":0,"11":0,"12":1,"13":1,"14":1,"15":1,"16":1,"17":1,"18":1},"f":{"0":0},"b":{"0":[0,0],"1":[0,0],"2":[0,0],"3":[0,0,0],"4":[0,0,0]},"_coverageSchema":"1a1c01bbd47fc00a2c39e90264f33305004495a9","hash":"6d7c941ba11674526a3702d03b802a51191abdd1"}
,"/Users/randy/hackreactor/FEC/FrontEndCapstone-EcommercePage/client/src/Main/WidgetRandy/Components/AddtoCart.jsx": {"path":"/Users/randy/hackreactor/FEC/FrontEndCapstone-EcommercePage/client/src/Main/WidgetRandy/Components/AddtoCart.jsx","statementMap":{"0":{"start":{"line":11,"column":18},"end":{"line":110,"column":1}},"1":{"start":{"line":15,"column":26},"end":{"line":15,"column":70}},"2":{"start":{"line":16,"column":34},"end":{"line":16,"column":46}},"3":{"start":{"line":17,"column":36},"end":{"line":17,"column":50}},"4":{"start":{"line":19,"column":24},"end":{"line":19,"column":32}},"5":{"start":{"line":22,"column":17},"end":{"line":22,"column":60}},"6":{"start":{"line":23,"column":2},"end":{"line":25,"column":3}},"7":{"start":{"line":23,"column":15},"end":{"line":23,"column":16}},"8":{"start":{"line":24,"column":4},"end":{"line":24,"column":63}},"9":{"start":{"line":26,"column":2},"end":{"line":26,"column":43}},"10":{"start":{"line":29,"column":20},"end":{"line":29,"column":22}},"11":{"start":{"line":30,"column":2},"end":{"line":32,"column":3}},"12":{"start":{"line":31,"column":4},"end":{"line":31,"column":69}},"13":{"start":{"line":35,"column":24},"end":{"line":35,"column":26}},"14":{"start":{"line":36,"column":2},"end":{"line":38,"column":3}},"15":{"start":{"line":36,"column":15},"end":{"line":36,"column":16}},"16":{"start":{"line":37,"column":4},"end":{"line":37,"column":48}},"17":{"start":{"line":39,"column":2},"end":{"line":39,"column":85}},"18":{"start":{"line":39,"column":37},"end":{"line":39,"column":83}},"19":{"start":{"line":42,"column":14},"end":{"line":42,"column":15}},"20":{"start":{"line":43,"column":2},"end":{"line":45,"column":3}},"21":{"start":{"line":43,"column":15},"end":{"line":43,"column":16}},"22":{"start":{"line":44,"column":4},"end":{"line":44,"column":33}},"23":{"start":{"line":47,"column":16},"end":{"line":47,"column":18}},"24":{"start":{"line":48,"column":2},"end":{"line":48,"column":38}},"25":{"start":{"line":48,"column":16},"end":{"line":48,"column":36}},"26":{"start":{"line":50,"column":17},"end":{"line":50,"column":44}},"27":{"start":{"line":55,"column":27},"end":{"line":57,"column":3}},"28":{"start":{"line":56,"column":4},"end":{"line":56,"column":18}},"29":{"start":{"line":60,"column":23},"end":{"line":64,"column":3}},"30":{"start":{"line":61,"column":4},"end":{"line":61,"column":15}},"31":{"start":{"line":62,"column":4},"end":{"line":63,"column":48}},"32":{"start":{"line":62,"column":25},"end":{"line":62,"column":62}},"33":{"start":{"line":63,"column":11},"end":{"line":63,"column":46}},"34":{"start":{"line":67,"column":20},"end":{"line":80,"column":3}},"35":{"start":{"line":68,"column":4},"end":{"line":68,"column":22}},"36":{"start":{"line":69,"column":4},"end":{"line":79,"column":5}},"37":{"start":{"line":70,"column":6},"end":{"line":70,"column":25}},"38":{"start":{"line":71,"column":6},"end":{"line":71,"column":35}},"39":{"start":{"line":73,"column":6},"end":{"line":76,"column":7}},"40":{"start":{"line":73,"column":19},"end":{"line":73,"column":20}},"41":{"start":{"line":74,"column":8},"end":{"line":75,"column":41}},"42":{"start":{"line":75,"column":24},"end":{"line":75,"column":40}},"43":{"start":{"line":77,"column":6},"end":{"line":77,"column":24}},"44":{"start":{"line":78,"column":6},"end":{"line":78,"column":96}},"45":{"start":{"line":86,"column":21},"end":{"line":86,"column":22}},"46":{"start":{"line":87,"column":2},"end":{"line":109,"column":24}},"47":{"start":{"line":87,"column":45},"end":{"line":87,"column":97}},"48":{"start":{"line":113,"column":27},"end":{"line":117,"column":1}},"49":{"start":{"line":119,"column":20},"end":{"line":121,"column":1}},"50":{"start":{"line":122,"column":19},"end":{"line":125,"column":1}},"51":{"start":{"line":127,"column":23},"end":{"line":130,"column":1}},"52":{"start":{"line":132,"column":24},"end":{"line":135,"column":1}},"53":{"start":{"line":137,"column":22},"end":{"line":140,"column":1}},"54":{"start":{"line":141,"column":19},"end":{"line":143,"column":1}}},"fnMap":{"0":{"name":"(anonymous_0)","decl":{"start":{"line":11,"column":18},"end":{"line":11,"column":19}},"loc":{"start":{"line":11,"column":69},"end":{"line":110,"column":1}},"line":11},"1":{"name":"(anonymous_1)","decl":{"start":{"line":55,"column":27},"end":{"line":55,"column":28}},"loc":{"start":{"line":55,"column":34},"end":{"line":57,"column":3}},"line":55},"2":{"name":"(anonymous_2)","decl":{"start":{"line":60,"column":23},"end":{"line":60,"column":24}},"loc":{"start":{"line":60,"column":30},"end":{"line":64,"column":3}},"line":60},"3":{"name":"(anonymous_3)","decl":{"start":{"line":67,"column":20},"end":{"line":67,"column":21}},"loc":{"start":{"line":67,"column":27},"end":{"line":80,"column":3}},"line":67},"4":{"name":"(anonymous_4)","decl":{"start":{"line":75,"column":17},"end":{"line":75,"column":18}},"loc":{"start":{"line":75,"column":24},"end":{"line":75,"column":40}},"line":75},"5":{"name":"(anonymous_5)","decl":{"start":{"line":87,"column":39},"end":{"line":87,"column":40}},"loc":{"start":{"line":87,"column":45},"end":{"line":87,"column":97}},"line":87}},"branchMap":{"0":{"loc":{"start":{"line":22,"column":17},"end":{"line":22,"column":60}},"type":"binary-expr","locations":[{"start":{"line":22,"column":17},"end":{"line":22,"column":54}},{"start":{"line":22,"column":58},"end":{"line":22,"column":60}}],"line":22},"1":{"loc":{"start":{"line":39,"column":2},"end":{"line":39,"column":85}},"type":"if","locations":[{"start":{"line":39,"column":2},"end":{"line":39,"column":85}},{"start":{},"end":{}}],"line":39},"2":{"loc":{"start":{"line":48,"column":2},"end":{"line":48,"column":38}},"type":"if","locations":[{"start":{"line":48,"column":2},"end":{"line":48,"column":38}},{"start":{},"end":{}}],"line":48},"3":{"loc":{"start":{"line":62,"column":4},"end":{"line":63,"column":48}},"type":"if","locations":[{"start":{"line":62,"column":4},"end":{"line":63,"column":48}},{"start":{"line":63,"column":9},"end":{"line":63,"column":48}}],"line":62},"4":{"loc":{"start":{"line":69,"column":4},"end":{"line":79,"column":5}},"type":"if","locations":[{"start":{"line":69,"column":4},"end":{"line":79,"column":5}},{"start":{"line":72,"column":11},"end":{"line":79,"column":5}}],"line":69},"5":{"loc":{"start":{"line":90,"column":5},"end":{"line":90,"column":48}},"type":"binary-expr","locations":[{"start":{"line":90,"column":5},"end":{"line":90,"column":14}},{"start":{"line":90,"column":18},"end":{"line":90,"column":48}}],"line":90},"6":{"loc":{"start":{"line":91,"column":5},"end":{"line":91,"column":67}},"type":"binary-expr","locations":[{"start":{"line":91,"column":5},"end":{"line":91,"column":15}},{"start":{"line":91,"column":19},"end":{"line":91,"column":67}}],"line":91},"7":{"loc":{"start":{"line":93,"column":5},"end":{"line":93,"column":91}},"type":"binary-expr","locations":[{"start":{"line":93,"column":5},"end":{"line":93,"column":11}},{"start":{"line":93,"column":15},"end":{"line":93,"column":91}}],"line":93},"8":{"loc":{"start":{"line":94,"column":5},"end":{"line":94,"column":130}},"type":"binary-expr","locations":[{"start":{"line":94,"column":5},"end":{"line":94,"column":10}},{"start":{"line":94,"column":14},"end":{"line":94,"column":130}}],"line":94},"9":{"loc":{"start":{"line":98,"column":5},"end":{"line":98,"column":94}},"type":"binary-expr","locations":[{"start":{"line":98,"column":5},"end":{"line":98,"column":21}},{"start":{"line":98,"column":25},"end":{"line":98,"column":94}}],"line":98},"10":{"loc":{"start":{"line":99,"column":5},"end":{"line":99,"column":114}},"type":"binary-expr","locations":[{"start":{"line":99,"column":5},"end":{"line":99,"column":21}},{"start":{"line":99,"column":25},"end":{"line":99,"column":114}}],"line":99}},"s":{"0":1,"1":0,"2":0,"3":0,"4":0,"5":0,"6":0,"7":0,"8":0,"9":0,"10":0,"11":0,"12":0,"13":0,"14":0,"15":0,"16":0,"17":0,"18":0,"19":0,"20":0,"21":0,"22":0,"23":0,"24":0,"25":0,"26":0,"27":0,"28":0,"29":0,"30":0,"31":0,"32":0,"33":0,"34":0,"35":0,"36":0,"37":0,"38":0,"39":0,"40":0,"41":0,"42":0,"43":0,"44":0,"45":0,"46":0,"47":0,"48":1,"49":1,"50":1,"51":1,"52":1,"53":1,"54":1},"f":{"0":0,"1":0,"2":0,"3":0,"4":0,"5":0},"b":{"0":[0,0],"1":[0,0],"2":[0,0],"3":[0,0],"4":[0,0],"5":[0,0],"6":[0,0],"7":[0,0],"8":[0,0],"9":[0,0],"10":[0,0]},"_coverageSchema":"1a1c01bbd47fc00a2c39e90264f33305004495a9","hash":"a815732c89a9c80eaeac808655ef95e6c806066f"}
,"/Users/randy/hackreactor/FEC/FrontEndCapstone-EcommercePage/client/src/Main/WidgetRandy/Components/ImageGallery.jsx": {"path":"/Users/randy/hackreactor/FEC/FrontEndCapstone-EcommercePage/client/src/Main/WidgetRandy/Components/ImageGallery.jsx","statementMap":{"0":{"start":{"line":9,"column":21},"end":{"line":83,"column":1}},"1":{"start":{"line":12,"column":14},"end":{"line":12,"column":15}},"2":{"start":{"line":15,"column":20},"end":{"line":15,"column":44}},"3":{"start":{"line":16,"column":22},"end":{"line":16,"column":24}},"4":{"start":{"line":17,"column":2},"end":{"line":19,"column":3}},"5":{"start":{"line":17,"column":15},"end":{"line":17,"column":16}},"6":{"start":{"line":18,"column":4},"end":{"line":18,"column":51}},"7":{"start":{"line":23,"column":24},"end":{"line":25,"column":3}},"8":{"start":{"line":24,"column":4},"end":{"line":24,"column":19}},"9":{"start":{"line":28,"column":23},"end":{"line":33,"column":3}},"10":{"start":{"line":29,"column":4},"end":{"line":32,"column":5}},"11":{"start":{"line":30,"column":6},"end":{"line":30,"column":51}},"12":{"start":{"line":31,"column":6},"end":{"line":31,"column":51}},"13":{"start":{"line":35,"column":25},"end":{"line":40,"column":3}},"14":{"start":{"line":36,"column":4},"end":{"line":39,"column":5}},"15":{"start":{"line":37,"column":6},"end":{"line":37,"column":51}},"16":{"start":{"line":38,"column":6},"end":{"line":38,"column":51}},"17":{"start":{"line":42,"column":25},"end":{"line":46,"column":3}},"18":{"start":{"line":43,"column":4},"end":{"line":43,"column":38}},"19":{"start":{"line":43,"column":30},"end":{"line":43,"column":36}},"20":{"start":{"line":44,"column":4},"end":{"line":44,"column":37}},"21":{"start":{"line":45,"column":4},"end":{"line":45,"column":83}},"22":{"start":{"line":45,"column":36},"end":{"line":45,"column":81}},"23":{"start":{"line":48,"column":26},"end":{"line":51,"column":3}},"24":{"start":{"line":49,"column":4},"end":{"line":49,"column":97}},"25":{"start":{"line":49,"column":62},"end":{"line":49,"column":95}},"26":{"start":{"line":50,"column":4},"end":{"line":50,"column":87}},"27":{"start":{"line":50,"column":40},"end":{"line":50,"column":85}},"28":{"start":{"line":53,"column":2},"end":{"line":82,"column":20}},"29":{"start":{"line":53,"column":41},"end":{"line":53,"column":96}},"30":{"start":{"line":64,"column":8},"end":{"line":64,"column":168}},"31":{"start":{"line":86,"column":18},"end":{"line":94,"column":1}},"32":{"start":{"line":96,"column":20},"end":{"line":101,"column":1}},"33":{"start":{"line":103,"column":23},"end":{"line":105,"column":1}},"34":{"start":{"line":107,"column":24},"end":{"line":115,"column":1}},"35":{"start":{"line":117,"column":20},"end":{"line":122,"column":1}},"36":{"start":{"line":121,"column":21},"end":{"line":121,"column":60}},"37":{"start":{"line":124,"column":22},"end":{"line":132,"column":1}},"38":{"start":{"line":131,"column":19},"end":{"line":131,"column":73}},"39":{"start":{"line":134,"column":27},"end":{"line":141,"column":1}},"40":{"start":{"line":143,"column":28},"end":{"line":150,"column":1}}},"fnMap":{"0":{"name":"(anonymous_0)","decl":{"start":{"line":9,"column":21},"end":{"line":9,"column":22}},"loc":{"start":{"line":9,"column":144},"end":{"line":83,"column":1}},"line":9},"1":{"name":"(anonymous_1)","decl":{"start":{"line":23,"column":24},"end":{"line":23,"column":25}},"loc":{"start":{"line":23,"column":30},"end":{"line":25,"column":3}},"line":23},"2":{"name":"(anonymous_2)","decl":{"start":{"line":28,"column":23},"end":{"line":28,"column":24}},"loc":{"start":{"line":28,"column":29},"end":{"line":33,"column":3}},"line":28},"3":{"name":"(anonymous_3)","decl":{"start":{"line":35,"column":25},"end":{"line":35,"column":26}},"loc":{"start":{"line":35,"column":31},"end":{"line":40,"column":3}},"line":35},"4":{"name":"(anonymous_4)","decl":{"start":{"line":42,"column":25},"end":{"line":42,"column":26}},"loc":{"start":{"line":42,"column":31},"end":{"line":46,"column":3}},"line":42},"5":{"name":"(anonymous_5)","decl":{"start":{"line":48,"column":26},"end":{"line":48,"column":27}},"loc":{"start":{"line":48,"column":32},"end":{"line":51,"column":3}},"line":48},"6":{"name":"(anonymous_6)","decl":{"start":{"line":53,"column":35},"end":{"line":53,"column":36}},"loc":{"start":{"line":53,"column":41},"end":{"line":53,"column":96}},"line":53},"7":{"name":"(anonymous_7)","decl":{"start":{"line":63,"column":45},"end":{"line":63,"column":46}},"loc":{"start":{"line":64,"column":8},"end":{"line":64,"column":168}},"line":64},"8":{"name":"(anonymous_8)","decl":{"start":{"line":121,"column":12},"end":{"line":121,"column":13}},"loc":{"start":{"line":121,"column":21},"end":{"line":121,"column":60}},"line":121},"9":{"name":"(anonymous_9)","decl":{"start":{"line":131,"column":10},"end":{"line":131,"column":11}},"loc":{"start":{"line":131,"column":19},"end":{"line":131,"column":73}},"line":131}},"branchMap":{"0":{"loc":{"start":{"line":29,"column":4},"end":{"line":32,"column":5}},"type":"if","locations":[{"start":{"line":29,"column":4},"end":{"line":32,"column":5}},{"start":{},"end":{}}],"line":29},"1":{"loc":{"start":{"line":36,"column":4},"end":{"line":39,"column":5}},"type":"if","locations":[{"start":{"line":36,"column":4},"end":{"line":39,"column":5}},{"start":{},"end":{}}],"line":36},"2":{"loc":{"start":{"line":43,"column":4},"end":{"line":43,"column":38}},"type":"if","locations":[{"start":{"line":43,"column":4},"end":{"line":43,"column":38}},{"start":{},"end":{}}],"line":43},"3":{"loc":{"start":{"line":45,"column":4},"end":{"line":45,"column":83}},"type":"if","locations":[{"start":{"line":45,"column":4},"end":{"line":45,"column":83}},{"start":{},"end":{}}],"line":45},"4":{"loc":{"start":{"line":49,"column":4},"end":{"line":49,"column":97}},"type":"if","locations":[{"start":{"line":49,"column":4},"end":{"line":49,"column":97}},{"start":{},"end":{}}],"line":49},"5":{"loc":{"start":{"line":50,"column":4},"end":{"line":50,"column":87}},"type":"if","locations":[{"start":{"line":50,"column":4},"end":{"line":50,"column":87}},{"start":{},"end":{}}],"line":50},"6":{"loc":{"start":{"line":121,"column":21},"end":{"line":121,"column":60}},"type":"cond-expr","locations":[{"start":{"line":121,"column":39},"end":{"line":121,"column":48}},{"start":{"line":121,"column":51},"end":{"line":121,"column":60}}],"line":121},"7":{"loc":{"start":{"line":131,"column":19},"end":{"line":131,"column":73}},"type":"cond-expr","locations":[{"start":{"line":131,"column":52},"end":{"line":131,"column":61}},{"start":{"line":131,"column":64},"end":{"line":131,"column":73}}],"line":131}},"s":{"0":1,"1":0,"2":0,"3":0,"4":0,"5":0,"6":0,"7":0,"8":0,"9":0,"10":0,"11":0,"12":0,"13":0,"14":0,"15":0,"16":0,"17":0,"18":0,"19":0,"20":0,
[...]
,"/Users/randy/hackreactor/FEC/FrontEndCapstone-EcommercePage/client/src/Main/WidgetRandy/Components/StyleSelector.jsx": {"path":"/Users/randy/hackreactor/FEC/FrontEndCapstone-EcommercePage/client/src/Main/WidgetRandy/Components/StyleSelector.jsx","statementMap":{"0":{"start":{"line":5,"column":22},"end":{"line":33,"column":1}},"1":{"start":{"line":7,"column":14},"end":{"line":7,"column":15}},"2":{"start":{"line":10,"column":17},"end":{"line":10,"column":19}},"3":{"start":{"line":11,"column":2},"end":{"line":13,"column":3}},"4":{"start":{"line":12,"column":4},"end":{"line":12,"column":30}},"5":{"start":{"line":14,"column":16},"end":{"line":14,"column":18}},"6":{"start":{"line":15,"column":2},"end":{"line":17,"column":3}},"7":{"start":{"line":15,"column":15},"end":{"line":15,"column":16}},"8":{"start":{"line":16,"column":4},"end":{"line":16,"column":42}},"9":{"start":{"line":19,"column":22},"end":{"line":21,"column":3}},"10":{"start":{"line":20,"column":4},"end":{"line":20,"column":28}},"11":{"start":{"line":23,"column":2},"end":{"line":32,"column":9}},"12":{"start":{"line":23,"column":30},"end":{"line":23,"column":84}},"13":{"start":{"line":26,"column":6},"end":{"line":30,"column":21}},"14":{"start":{"line":28,"column":10},"end":{"line":28,"column":116}},"15":{"start":{"line":35,"column":21},"end":{"line":38,"column":1}}},"fnMap":{"0":{"name":"(anonymous_0)","decl":{"start":{"line":5,"column":22},"end":{"line":5,"column":23}},"loc":{"start":{"line":5,"column":70},"end":{"line":33,"column":1}},"line":5},"1":{"name":"(anonymous_1)","decl":{"start":{"line":19,"column":22},"end":{"line":19,"column":23}},"loc":{"start":{"line":19,"column":29},"end":{"line":21,"column":3}},"line":19},"2":{"name":"(anonymous_2)","decl":{"start":{"line":23,"column":24},"end":{"line":23,"column":25}},"loc":{"start":{"line":23,"column":30},"end":{"line":23,"column":84}},"line":23},"3":{"name":"(anonymous_3)","decl":{"start":{"line":25,"column":17},"end":{"line":25,"column":18}},"loc":{"start":{"line":26,"column":6},"end":{"line":30,"column":21}},"line":26},"4":{"name":"(anonymous_4)","decl":{"start":{"line":27,"column":22},"end":{"line":27,"column":23}},"loc":{"start":{"line":28,"column":10},"end":{"line":28,"column":116}},"line":28}},"branchMap":{},"s":{"0":1,"1":0,"2":0,"3":0,"4":0,"5":0,"6":0,"7":0,"8":0,"9":0,"10":0,"11":0,"12":0,"13":0,"14":0,"15":1},"f":{"0":0,"1":0,"2":0,"3":0,"4":0},"b":{},"_coverageSchema":"1a1c01bbd47fc00a2c39e90264f33305004495a9","hash":"5203bff21dd58fc62cbfc622e43d9910309922f9"}
,"/Users/randy/hackreactor/FEC/FrontEndCapstone-EcommercePage/client/src/Main/WidgetRandy/Components/SmallerComponents/Circles.jsx": {"path":"/Users/randy/hackreactor/FEC/FrontEndCapstone-EcommercePage/client/src/Main/WidgetRandy/Components/SmallerComponents/Circles.jsx","statementMap":{"0":{"start":{"line":4,"column":16},"end":{"line":15,"column":1}},"1":{"start":{"line":6,"column":14},"end":{"line":6,"column":20}},"2":{"start":{"line":7,"column":2},"end":{"line":7,"column":78}},"3":{"start":{"line":7,"column":57},"end":{"line":7,"column":76}},"4":{"start":{"line":9,"column":18},"end":{"line":11,"column":3}},"5":{"start":{"line":10,"column":4},"end":{"line":10,"column":51}},"6":{"start":{"line":12,"column":2},"end":{"line":14,"column":3}},"7":{"start":{"line":17,"column":15},"end":{"line":24,"column":1}},"8":{"start":{"line":22,"column":28},"end":{"line":22,"column":39}}},"fnMap":{"0":{"name":"(anonymous_0)","decl":{"start":{"line":4,"column":16},"end":{"line":4,"column":17}},"loc":{"start":{"line":4,"column":82},"end":{"line":15,"column":1}},"line":4},"1":{"name":"(anonymous_1)","decl":{"start":{"line":9,"column":18},"end":{"line":9,"column":19}},"loc":{"start":{"line":9,"column":24},"end":{"line":11,"column":3}},"line":9},"2":{"name":"(anonymous_2)","decl":{"start":{"line":22,"column":19},"end":{"line":22,"column":20}},"loc":{"start":{"line":22,"column":28},"end":{"line":22,"column":39}},"line":22}},"branchMap":{"0":{"loc":{"start":{"line":7,"column":2},"end":{"line":7,"column":78}},"type":"if","locations":[{"start":{"line":7,"column":2},"end":{"line":7,"column":78}},{"start":{},"end":{}}],"line":7}},"s":{"0":1,"1":1,"2":1,"3":0,"4":1,"5":0,"6":1,"7":1,"8":1},"f":{"0":1,"1":0,"2":1},"b":{"0":[0,1]},"_coverageSchema":"1a1c01bbd47fc00a2c39e90264f33305004495a9","hash":"8c3d101a119376a13863f49d3a27b5cd630098e5"}
,"/Users/randy/hackreactor/FEC/FrontEndCapstone-EcommercePage/client/src/Main/WidgetRandy/Components/SmallerComponents/ExpandImage.jsx": {"path":"/Users/randy/hackreactor/FEC/FrontEndCapstone-EcommercePage/client/src/Main/WidgetRandy/Components/SmallerComponents/ExpandImage.jsx","statementMap":{"0":{"start":{"line":9,"column":20},"end":{"line":102,"column":1}},"1":{"start":{"line":11,"column":26},"end":{"line":11,"column":41}},"2":{"start":{"line":14,"column":20},"end":{"line":14,"column":21}},"3":{"start":{"line":15,"column":19},"end":{"line":15,"column":69}},"4":{"start":{"line":16,"column":20},"end":{"line":16,"column":22}},"5":{"start":{"line":17,"column":2},"end":{"line":19,"column":3}},"6":{"start":{"line":17,"column":15},"end":{"line":17,"column":16}},"7":{"start":{"line":18,"column":4},"end":{"line":18,"column":48}},"8":{"start":{"line":23,"column":25},"end":{"line":26,"column":3}},"9":{"start":{"line":24,"column":4},"end":{"line":24,"column":59}},"10":{"start":{"line":25,"column":4},"end":{"line":25,"column":37}},"11":{"start":{"line":25,"column":24},"end":{"line":25,"column":37}},"12":{"start":{"line":28,"column":26},"end":{"line":31,"column":3}},"13":{"start":{"line":29,"column":4},"end":{"line":29,"column":59}},"14":{"start":{"line":30,"column":4},"end":{"line":30,"column":38}},"15":{"start":{"line":30,"column":24},"end":{"line":30,"column":38}},"16":{"start":{"line":33,"column":23},"end":{"line":38,"column":3}},"17":{"start":{"line":34,"column":4},"end":{"line":37,"column":5}},"18":{"start":{"line":35,"column":6},"end":{"line":35,"column":51}},"19":{"start":{"line":36,"column":6},"end":{"line":36,"column":51}},"20":{"start":{"line":40,"column":25},"end":{"line":45,"column":3}},"21":{"start":{"line":41,"column":4},"end":{"line":44,"column":5}},"22":{"start":{"line":42,"column":6},"end":{"line":42,"column":51}},"23":{"start":{"line":43,"column":6},"end":{"line":43,"column":51}},"24":{"start":{"line":47,"column":25},"end":{"line":51,"column":3}},"25":{"start":{"line":48,"column":4},"end":{"line":48,"column":38}},"26":{"start":{"line":48,"column":30},"end":{"line":48,"column":36}},"27":{"start":{"line":49,"column":4},"end":{"line":49,"column":37}},"28":{"start":{"line":50,"column":4},"end":{"line":50,"column":83}},"29":{"start":{"line":50,"column":36},"end":{"line":50,"column":81}},"30":{"start":{"line":53,"column":26},"end":{"line":56,"column":3}},"31":{"start":{"line":54,"column":4},"end":{"line":54,"column":97}},"32":{"start":{"line":54,"column":62},"end":{"line":54,"column":95}},"33":{"start":{"line":55,"column":4},"end":{"line":55,"column":87}},"34":{"start":{"line":55,"column":40},"end":{"line":55,"column":85}},"35":{"start":{"line":58,"column":2},"end":{"line":101,"column":3}},"36":{"start":{"line":59,"column":4},"end":{"line":65,"column":5}},"37":{"start":{"line":67,"column":4},"end":{"line":100,"column":5}},"38":{"start":{"line":79,"column":12},"end":{"line":79,"column":147}},"39":{"start":{"line":95,"column":35},"end":{"line":95,"column":51}},"40":{"start":{"line":104,"column":29},"end":{"line":108,"column":1}},"41":{"start":{"line":110,"column":22},"end":{"line":115,"column":1}},"42":{"start":{"line":114,"column":21},"end":{"line":114,"column":56}},"43":{"start":{"line":117,"column":25},"end":{"line":125,"column":1}},"44":{"start":{"line":127,"column":19},"end":{"line":135,"column":1}},"45":{"start":{"line":137,"column":20},"end":{"line":142,"column":1}},"46":{"start":{"line":144,"column":22},"end":{"line":152,"column":1}},"47":{"start":{"line":154,"column":27},"end":{"line":161,"column":1}},"48":{"start":{"line":163,"column":28},"end":{"line":170,"column":1}}},"fnMap":{"0":{"name":"(anonymous_0)","decl":{"start":{"line":9,"column":20},"end":{"line":9,"column":21}},"loc":{"start":{"line":9,"column":143},"end":{"line":102,"column":1}},"line":9},"1":{"name":"(anonymous_1)","decl":{"start":{"line":23,"column":25},"end":{"line":23,"column":26}},"loc":{"start":{"line":23,"column":32},"end":{"line":26,"column":3}},"line":23},"2":{"name":"(anonymous_2)","decl":{"start":{"line":28,"column":26},"end":{"line":28,"column":27}},"loc":{"start":{"line":28,"column":33},"end":{"line":31,"column":3}},"line":28},"3":{"name":"(anonymous_3)","decl":{"start":{"line":33,"column":23},"end":{"line":33,"column":24}},"loc":{"start":{"line":33,"column":29},"end":{"line":38,"column":3}},"line":33},"4":{"name":"(anonymous_4)","decl":{"start":{"line":40,"column":25},"end":{"line":40,"column":26}},"loc":{"start":{"line":40,"column":31},"end":{"line":45,"column":3}},"line":40},"5":{"name":"(anonymous_5)","decl":{"start":{"line":47,"column":25},"end":{"line":47,"column":26}},"loc":{"start":{"line":47,"column":31},"end":{"line":51,"column":3}},"line":47},"6":{"name":"(anonymous_6)","decl":{"start":{"line":53,"column":26},"end":{"line":53,"column":27}},"loc":{"start":{"line":53,"column":32},"end":{"line":56,"column":3}},"line":53},"7":{"name":"(anonymous_7)","decl":{"start":{"line":78,"column":47},"end":{"line":78,"column":48}},"loc":{"start":{"line":79,"column":12},"end":{"line":79,"column":147}},"line":79},"8":{"name":"(anonymous_8)","decl":{"start":{"line":95,"column":29},"end":{"line":95,"column":30}},"loc":{"start":{"line":95,"column":35},"end":{"line":95,"column":51}},"line":95},"9":{"name":"(anonymous_9)","decl":{"start":{"line":114,"column":12},"end":{"line":114,"column":13}},"loc":{"start":{"line":114,"column":21},"end":{"line":114,"column":56}},"line":114}},"branchMap":{"0":{"loc":{"start":{"line":25,"column":4},"end":{"line":25,"column":37}},"type":"if","locations":[{"start":{"line":25,"column":4},"end":{"line":25,"column":37}},{"start":{},"end":{}}],"line":25},"1":{"loc":{"start":{"line":30,"column":4},"end":{"line":30,"column":38}},"type":"if","locations":[{"start":{"line":30,"column":4},"end":{"line":30,"column":38}},{"start":{},"end":{}}],"line":30},"2":{"loc":{"start":{"line":34,"column":4},"end":{"line":37,"column":5}},"type":"if","locations":[{"start":{"line":34,"column":4},"end":{"line":37,"column":5}},{"start":{},"end":{}}],"line":34},"3":{"loc":{"start":{"line":41,"column":4},"end":{"line":44,"column":5}},"type":"if","locations":[{"start":{"line":41,"column":4},"end":{"line":44,"column":5}},{"start":{},"end":{}}],"line":41},"4":{"loc":{"start":{"line":48,"column":4},"end":{"line":48,"column":38}},"type":"if","locations":[{"start":{"line":48,"column":4},"end":{"line":48,"column":38}},{"start":{},"end":{}}],"line":48},"5":{"loc":{"start":{"line":50,"column":4},"end":{"line":50,"column":83}},"type":"if","locations":[{"start":{"line":50,"column":4},"end":{"line":50,"column":83}},{"start":{},"end":{}}],"line":50},"6":{"loc":{"start":{"line":54,"column":4},"end":{"line":54,"column":97}},"type":"if","locations":[{"start":{"line":54,"column":4},"end":{"line":54,"column":97}},{"start":{},"end":{}}],"line":54},"7":{"loc":{"start":{"line":55,"column":4},"end":{"line":55,"column":87}},"type":"if","locations":[{"start":{"line":55,"column":4},"end":{"line":55,"column":87}},{"start":{},"end":{}}],"line":55},"8":{"loc":{"start":{"line":58,"column":2},"end":{"line":101,"column":3}},"type":"if","locations":[{"start":{"line":58,"column":2},"end":{"line":101,"column":3}},{"start":{"line":66,"column":9},"end":{"line":101,"column":3}}],"line":58},"9":{"loc":{"start":{"line":114,"column":21},"end":{"line":114,"column":56}},"type":"cond-expr","locations":[{"start":{"line":114,"column":34},"end":{"line":114,"column":44}},{"start":{"line":114,"column":47},"end":{"line":114,"column":56}}],"line":114}},"s":{"0":1,"1":0,"2":0,"3":0,"4":0,"5":0,"6":0,"7":0,"8":0,"9":0,"10":0,"11":0,"12":0,"13":0,"14":0,"15":0,"16":0,"17":0,"18":0,"19":0,"20":0,"21":0,"22":0,"23":0,"24":0,"25":0,"26":0,"27":0,"28":0,"29":0,"30":0,"31":0,"32":0,"33":0,"34":0,"35":0,"36":0,"37":0,"38":0,"39":0,"40":1,"41":1,"42":0,"43":1,"44":1,"45":1,"46":1,"47":1,"48":1},"f":{"0":0,"1":0,"2":0,"3":0,"4":0,"5":0,"6":0,"7":0,"8":0,"9":0},"b":{"0":[0,0],"1":[0,0],"2":[0,0],"3":[0,0],"4":[0,0],"5":[0,0],"6":[0,0],"7":[0,0],"8":[0,0],"9":[0,0]},"_coverageSchema":"1a1c01bbd47fc00a2c39e90264f33305004495a9","hash":"4f911daba6f0410ff45d240593df573558c2b9dd"}
,"/Users/randy/hackreactor/FEC/FrontEndCapstone-EcommercePage/client/src/Main/WidgetRandy/Components/SmallerComponents/SmallerImage.jsx": {"path":"/Users/randy/hackreactor/FEC/FrontEndCapstone-EcommercePage/client/src/Main/WidgetRandy/Components/SmallerComponents/SmallerImage.jsx","statementMap":{"0":{"start":{"line":4,"column":21},"end":{"line":14,"column":1}},"1":{"start":{"line":5,"column":18},"end":{"line":7,"column":3}},"2":{"start":{"line":6,"column":4},"end":{"line":6,"column":51}},"3":{"start":{"line":9,"column":2},"end":{"line":13,"column":3}},"4":{"start":{"line":10,"column":4},"end":{"line":10,"column":74}},"5":{"start":{"line":12,"column":4},"end":{"line":12,"column":78}},"6":{"start":{"line":16,"column":17},"end":{"line":23,"column":1}},"7":{"start":{"line":25,"column":25},"end":{"line":33,"column":1}}},"fnMap":{"0":{"name":"(anonymous_0)","decl":{"start":{"line":4,"column":21},"end":{"line":4,"column":22}},"loc":{"start":{"line":4,"column":94},"end":{"line":14,"column":1}},"line":4},"1":{"name":"(anonymous_1)","decl":{"start":{"line":5,"column":18},"end":{"line":5,"column":19}},"loc":{"start":{"line":5,"column":24},"end":{"line":7,"column":3}},"line":5}},"branchMap":{"0":{"loc":{"start":{"line":9,"column":2},"end":{"line":13,"column":3}},"type":"if","locations":[{"start":{"line":9,"column":2},"end":{"line":13,"column":3}},{"start":{"line":11,"column":9},"end":{"line":13,"column":3}}],"line":9}},"s":{"0":1,"1":1,"2":0,"3":1,"4":0,"5":1,"6":1,"7":1},"f":{"0":1,"1":0},"b":{"0":[0,1]},"_coverageSchema":"1a1c01bbd47fc00a2c39e90264f33305004495a9","hash":"c8f3e4c25ab217961ae002990cd936aed7a18fb3"}
,"/Users/randy/hackreactor/FEC/FrontEndCapstone-EcommercePage/client/src/Main/WidgetRandy/Components/SmallerComponents/SocialMedia.jsx": {"path":"/Users/randy/hackreactor/FEC/FrontEndCapstone-EcommercePage/client/src/Main/WidgetRandy/Components/SmallerComponents/SocialMedia.jsx","statementMap":{"0":{"start":{"line":6,"column":20},"end":{"line":14,"column":1}},"1":{"start":{"line":7,"column":2},"end":{"line":13,"column":3}},"2":{"start":{"line":9,"column":64},"end":{"line":9,"column":114}},"3":{"start":{"line":10,"column":63},"end":{"line":10,"column":112}},"4":{"start":{"line":11,"column":65},"end":{"line":11,"column":116}},"5":{"start":{"line":16,"column":29},"end":{"line":23,"column":1}}},"fnMap":{"0":{"name":"(anonymous_0)","decl":{"start":{"line":6,"column":20},"end":{"line":6,"column":21}},"loc":{"start":{"line":6,"column":26},"end":{"line":14,"column":1}},"line":6},"1":{"name":"(anonymous_1)","decl":{"start":{"line":9,"column":58},"end":{"line":9,"column":59}},"loc":{"start":{"line":9,"column":64},"end":{"line":9,"column":114}},"line":9},"2":{"name":"(anonymous_2)","decl":{"start":{"line":10,"column":57},"end":{"line":10,"column":58}},"loc":{"start":{"line":10,"column":63},"end":{"line":10,"column":112}},"line":10},"3":{"name":"(anonymous_3)","decl":{"start":{"line":11,"column":59},"end":{"line":11,"column":60}},"loc":{"start":{"line":11,"column":65},"end":{"line":11,"column":116}},"line":11}},"branchMap":{},"s":{"0":1,"1":1,"2":0,"3":0,"4":0,"5":1},"f":{"0":1,"1":0,"2":0,"3":0},"b":{},"_coverageSchema":"1a1c01bbd47fc00a2c39e90264f33305004495a9","hash":"bc8f5219f8d28eec881f0d55ae1fcdda43adb9b3"}
,"/Users/randy/hackreactor/FEC/FrontEndCapstone-EcommercePage/client/src/Main/WidgetRandy/Components/SmallerComponents/StyleSelectorCard.jsx": {"path":"/Users/randy/hackreactor/FEC/FrontEndCapstone-EcommercePage/client/src/Main/WidgetRandy/Components/SmallerComponents/StyleSelectorCard.jsx","statementMap":{"0":{"start":{"line":6,"column":26},"end":{"line":24,"column":1}},"1":{"start":{"line":7,"column":2},"end":{"line":23,"column":3}},"2":{"start":{"line":8,"column":4},"end":{"line":15,"column":5}},"3":{"start":{"line":17,"column":4},"end":{"line":22,"column":27}},"4":{"start":{"line":19,"column":64},"end":{"line":19,"column":79}},"5":{"start":{"line":26,"column":22},"end":{"line":32,"column":1}},"6":{"start":{"line":33,"column":30},"end":{"line":38,"column":1}},"7":{"start":{"line":40,"column":26},"end":{"line":42,"column":1}},"8":{"start":{"line":44,"column":23},"end":{"line":49,"column":1}}},"fnMap":{"0":{"name":"(anonymous_0)","decl":{"start":{"line":6,"column":26},"end":{"line":6,"column":27}},"loc":{"start":{"line":6,"column":65},"end":{"line":24,"column":1}},"line":6},"1":{"name":"(anonymous_1)","decl":{"start":{"line":19,"column":58},"end":{"line":19,"column":59}},"loc":{"start":{"line":19,"column":64},"end":{"line":19,"column":79}},"line":19}},"branchMap":{"0":{"loc":{"start":{"line":7,"column":2},"end":{"line":23,"column":3}},"type":"if","locations":[{"start":{"line":7,"column":2},"end":{"line":23,"column":3}},{"start":{"line":16,"column":9},"end":{"line":23,"column":3}}],"line":7}},"s":{"0":1,"1":1,"2":1,"3":0,"4":0,"5":1,"6":1,"7":1,"8":1},"f":{"0":1,"1":0},"b":{"0":[1,0]},"_coverageSchema":"1a1c01bbd47fc00a2c39e90264f33305004495a9","hash":"4fd7823ee47a0e3cc6e51d67cbe2a2e019c1cf0e"}
,"/Users/randy/hackreactor/FEC/FrontEndCapstone-EcommercePage/tests/Overview/testOverview.js": {"path":"/Users/randy/hackreactor/FEC/FrontEndCapstone-EcommercePage/tests/Overview/testOverview.js","statementMap":{"0":{"start":{"line":1,"column":21},"end":{"line":358,"column":1}}},"fnMap":{},"branchMap":{},"s":{"0":1},"f":{},"b":{},"_coverageSchema":"1a1c01bbd47fc00a2c39e90264f33305004495a9","hash":"db3dd94b8bbf2eebaffc3e0e04e1b1e732eb4d9e"}
,"/Users/randy/hackreactor/FEC/FrontEndCapstone-EcommercePage/tests/Q&A/testAnswerData.js": {"path":"/Users/randy/hackreactor/FEC/FrontEndCapstone-EcommercePage/tests/Q&A/testAnswerData.js","statementMap":{"0":{"start":{"line":1,"column":16},"end":{"line":70,"column":1}},"1":{"start":{"line":72,"column":0},"end":{"line":72,"column":25}}},"fnMap":{},"branchMap":{},"s":{"0":1,"1":1},"f":{},"b":{},"_coverageSchema":"1a1c01bbd47fc00a2c39e90264f33305004495a9","hash":"5d82926c02369392c017ce4fc0012046eb57fab8"}
,"/Users/randy/hackreactor/FEC/FrontEndCapstone-EcommercePage/tests/Q&A/testQuestionData.js": {"path":"/Users/randy/hackreactor/FEC/FrontEndCapstone-EcommercePage/tests/Q&A/testQuestionData.js","statementMap":{"0":{"start":{"line":1,"column":18},"end":{"line":103,"column":1}},"1":{"start":{"line":105,"column":0},"end":{"line":105,"column":27}}},"fnMap":{},"branchMap":{},"s":{"0":1,"1":1},"f":{},"b":{},"_coverageSchema":"1a1c01bbd47fc00a2c39e90264f33305004495a9","hash":"6eeced738cd37c58769d72a1f982b21cf57dfe54"}
}
